\BOOKMARK [1][]{toc.1}{Inhaltsverzeichnis}{}% 1
\BOOKMARK [1][]{section.0}{Warnhinweise und Spielregeln}{}% 2
\BOOKMARK [1][]{section.1}{Einleitung}{}% 3
\BOOKMARK [1][]{section.2}{Aufgaben}{}% 4
\BOOKMARK [2][]{subsection.2.1}{Vorbereitungsaufgaben}{section.2}% 5
\BOOKMARK [2][]{subsection.2.2}{Pr\344senzaufgaben}{section.2}% 6
\BOOKMARK [2][]{subsection.2.3}{Auswertungsaufgaben}{section.2}% 7
\BOOKMARK [1][]{section.3}{Literaturempfehlung}{}% 8
\BOOKMARK [1][]{section.4}{\334berblick \374ber den Versuchsaufbau}{}% 9
\BOOKMARK [1][]{section.5}{Wichtige Bauteile}{}% 10
\BOOKMARK [2][]{subsection.5.1}{Akusto-optischer Modulator \(AOM\)}{section.5}% 11
\BOOKMARK [2][]{subsection.5.2}{Verz\366gerungsplatten}{section.5}% 12
\BOOKMARK [2][]{subsection.5.3}{Polarisationsstrahlteilerw\374rfel \(PST\)}{section.5}% 13
\BOOKMARK [2][]{subsection.5.4}{Photodiode}{section.5}% 14
\BOOKMARK [2][]{subsection.5.5}{Ionen-Getter-Pumpe}{section.5}% 15
\BOOKMARK [2][]{subsection.5.6}{PID-Regler}{section.5}% 16
\BOOKMARK [1][]{section.6}{Theorie zur Laserstabilisierung}{}% 17
\BOOKMARK [2][]{subsection.6.1}{Aufbau der Laserstabilisierung}{section.6}% 18
\BOOKMARK [2][]{subsection.6.2}{Verwendete Lasertypen}{section.6}% 19
\BOOKMARK [2][]{subsection.6.3}{Dopplerfreie S\344ttigungsspektroskopie}{section.6}% 20
\BOOKMARK [2][]{subsection.6.4}{Offsetlock}{section.6}% 21
\BOOKMARK [1][]{section.7}{Theorie zur MOT}{}% 22
\BOOKMARK [2][]{subsection.7.1}{Optisches K\374hlen}{section.7}% 23
\BOOKMARK [3][]{subsubsection.7.1.1}{Spontankraft}{subsection.7.1}% 24
\BOOKMARK [3][]{subsubsection.7.1.2}{Dopplerk\374hlung - Optische Melasse}{subsection.7.1}% 25
\BOOKMARK [2][]{subsection.7.2}{Fangen der Atome}{section.7}% 26
\BOOKMARK [2][]{subsection.7.3}{Rubidium-MOT}{section.7}% 27
\BOOKMARK [1][]{section.8}{Fragenkatalog}{}% 28
\BOOKMARK [2][]{subsection.8.1}{Vorbereitungsfragen}{section.8}% 29
\BOOKMARK [2][]{subsection.8.2}{Fakultative Fragen zum Selbsttest}{section.8}% 30
\BOOKMARK [1][]{subsection.8.2}{Literaturverzeichnis}{}% 31
\BOOKMARK [1][]{appendix.A}{Anhang}{}% 32
\BOOKMARK [2][]{subsection.A.1}{Fotos des Versuchsaufbaus}{appendix.A}% 33
