This is pdfTeX, Version 3.1415926-2.5-1.40.14 (MiKTeX 2.9 64-bit) (preloaded format=pdflatex 2014.6.25)  21 SEP 2016 16:03
entering extended mode
**Anleitung*TUDD.tex

("\\BRAIN42\ehemalige\Bachelor\Schindler_Vayu\FP_Anleitung_working\Anleitung TU
DD.tex"
LaTeX2e <2011/06/27>
Babel <v3.8m> and hyphenation patterns for english, afrikaans, ancientgreek, ar
abic, armenian, assamese, basque, bengali, bokmal, bulgarian, catalan, coptic, 
croatian, czech, danish, dutch, esperanto, estonian, farsi, finnish, french, ga
lician, german, german-x-2013-05-26, greek, gujarati, hindi, hungarian, iceland
ic, indonesian, interlingua, irish, italian, kannada, kurmanji, latin, latvian,
 lithuanian, malayalam, marathi, mongolian, mongolianlmc, monogreek, ngerman, n
german-x-2013-05-26, nynorsk, oriya, panjabi, pinyin, polish, portuguese, roman
ian, russian, sanskrit, serbian, slovak, slovenian, spanish, swedish, swissgerm
an, tamil, telugu, turkish, turkmen, ukenglish, ukrainian, uppersorbian, usengl
ishmax, welsh, loaded.
("C:\Program Files\tuddesign\tex\latex\tuddesign\tudreport.cls"
Document Class: tudreport 2009/11/17 1.13 Clemens von Loewenich's and Joe Werne
r's TUD-Design package
("C:\Program Files\MiKTeX 2.9\tex\latex\xkeyval\xkeyval.sty"
Package: xkeyval 2012/10/14 v2.6b package option processing (HA)

("C:\Program Files\MiKTeX 2.9\tex\generic\xkeyval\xkeyval.tex"
\XKV@toks=\toks14
\XKV@tempa@toks=\toks15
\XKV@depth=\count79
File: xkeyval.tex 2012/10/14 v2.6b key=value parser (HA)

("C:\Program Files\MiKTeX 2.9\tex\generic\xkeyval\keyval.tex")))
("C:\Program Files\MiKTeX 2.9\tex\latex\base\ifthen.sty"
Package: ifthen 2001/05/26 v1.1c Standard LaTeX ifthen package (DPC)
)
Class tudreport Info: Option `paper=a4report' selected. on input line 142.


Class tudreport Warning: Option 'nochapterpage` not supported.
(tudreport)              Use article instead! on input line 144.

(C:\Users\Malte\AppData\Roaming\MiKTeX\2.9\tex\latex\koma-script\scrartcl.cls
Document Class: scrartcl 2013/12/19 v3.12 KOMA-Script document class (article)
(C:\Users\Malte\AppData\Roaming\MiKTeX\2.9\tex\latex\koma-script\scrkbase.sty
Package: scrkbase 2013/12/19 v3.12 KOMA-Script package (KOMA-Script-dependent b
asics and keyval usage)

(C:\Users\Malte\AppData\Roaming\MiKTeX\2.9\tex\latex\koma-script\scrbase.sty
Package: scrbase 2013/12/19 v3.12 KOMA-Script package (KOMA-Script-independent 
basics and keyval usage)

(C:\Users\Malte\AppData\Roaming\MiKTeX\2.9\tex\latex\koma-script\scrlfile.sty
Package: scrlfile 2013/12/19 v3.12 KOMA-Script package (loading files)

Package scrlfile, 2013/12/19 v3.12 KOMA-Script package (loading files)
                  Copyright (C) Markus Kohm

)))
(C:\Users\Malte\AppData\Roaming\MiKTeX\2.9\tex\latex\koma-script\tocbasic.sty
Package: tocbasic 2013/12/19 v3.12 KOMA-Script package (handling toc-files)
)
Package tocbasic Info: omitting babel extension for `toc'
(tocbasic)             because of feature `nobabel' available
(tocbasic)             for `toc' on input line 115.
Package tocbasic Info: omitting babel extension for `lof'
(tocbasic)             because of feature `nobabel' available
(tocbasic)             for `lof' on input line 116.
Package tocbasic Info: omitting babel extension for `lot'
(tocbasic)             because of feature `nobabel' available
(tocbasic)             for `lot' on input line 117.
Class scrartcl Info: File `scrsize11pt.clo' used instead of
(scrartcl)           file `scrsize11.clo' to setup font sizes on input line 153
1.

(C:\Users\Malte\AppData\Roaming\MiKTeX\2.9\tex\latex\koma-script\scrsize11pt.cl
o
File: scrsize11pt.clo 2013/12/19 v3.12 KOMA-Script font size class option (11pt
)
)
(C:\Users\Malte\AppData\Roaming\MiKTeX\2.9\tex\latex\koma-script\typearea.sty
Package: typearea 2013/12/19 v3.12 KOMA-Script package (type area)

Package typearea, 2013/12/19 v3.12 KOMA-Script package (type area)
                  Copyright (C) Frank Neukam, 1992-1994
                  Copyright (C) Markus Kohm, 1994-

\ta@bcor=\skip41
\ta@div=\count80
\ta@hblk=\skip42
\ta@vblk=\skip43
\ta@temp=\skip44
\footheight=\skip45
Package typearea Info: These are the values describing the layout:
(typearea)             DIV  = 10
(typearea)             BCOR = 0.0pt
(typearea)             \paperwidth      = 597.50793pt
(typearea)              \textwidth      = 418.25555pt
(typearea)              DIV departure   = -6%
(typearea)              \evensidemargin = 17.3562pt
(typearea)              \oddsidemargin  = 17.3562pt
(typearea)             \paperheight     = 845.04694pt
(typearea)              \textheight     = 595.80026pt
(typearea)              \topmargin      = -25.16531pt
(typearea)              \headheight     = 17.0pt
(typearea)              \headsep        = 20.40001pt
(typearea)              \topskip        = 11.0pt
(typearea)              \footskip       = 47.6pt
(typearea)              \baselineskip   = 13.6pt
(typearea)              on input line 1330.
)
\c@part=\count81
\c@section=\count82
\c@subsection=\count83
\c@subsubsection=\count84
\c@paragraph=\count85
\c@subparagraph=\count86
\abovecaptionskip=\skip46
\belowcaptionskip=\skip47
\c@pti@nb@sid@b@x=\box26
\c@figure=\count87
\c@table=\count88
\bibindent=\dimen102
) ("C:\Program Files\MiKTeX 2.9\tex\latex\tools\calc.sty"
Package: calc 2007/08/22 v4.3 Infix arithmetic (KKT,FJ)
\calc@Acount=\count89
\calc@Bcount=\count90
\calc@Adimen=\dimen103
\calc@Bdimen=\dimen104
\calc@Askip=\skip48
\calc@Bskip=\skip49
LaTeX Info: Redefining \setlength on input line 76.
LaTeX Info: Redefining \addtolength on input line 77.
\calc@Ccount=\count91
\calc@Cskip=\skip50
)
("C:\Program Files\tuddesign\tex\latex\tuddesign\colours\tudcolours.sty"
Package: tudcolours 2009/03/12 1.9 Clemens von Loewenich's and Joe Werner's TUD
-Design package

(C:\Users\Malte\AppData\Roaming\MiKTeX\2.9\tex\latex\xcolor\xcolor.sty
Package: xcolor 2007/01/21 v2.11 LaTeX color extensions (UK)

("C:\Program Files\MiKTeX 2.9\tex\latex\00miktex\color.cfg"
File: color.cfg 2007/01/18 v1.5 color configuration of teTeX/TeXLive
)
Package xcolor Info: Package option `override' ignored on input line 216.
Package xcolor Info: Driver file: pdftex.def on input line 225.

("C:\Program Files\MiKTeX 2.9\tex\latex\pdftex-def\pdftex.def"
File: pdftex.def 2011/05/27 v0.06d Graphics/color for pdfTeX

("C:\Program Files\MiKTeX 2.9\tex\generic\oberdiek\infwarerr.sty"
Package: infwarerr 2010/04/08 v1.3 Providing info/warning/error messages (HO)
)
("C:\Program Files\MiKTeX 2.9\tex\generic\oberdiek\ltxcmds.sty"
Package: ltxcmds 2011/11/09 v1.22 LaTeX kernel commands for general use (HO)
)
\Gread@gobject=\count92
)
Package xcolor Info: Model `cmy' substituted by `cmy0' on input line 1337.
Package xcolor Info: Model `hsb' substituted by `rgb' on input line 1341.
Package xcolor Info: Model `RGB' extended on input line 1353.
Package xcolor Info: Model `HTML' substituted by `rgb' on input line 1355.
Package xcolor Info: Model `Hsb' substituted by `hsb' on input line 1356.
Package xcolor Info: Model `tHsb' substituted by `hsb' on input line 1357.
Package xcolor Info: Model `HSB' substituted by `hsb' on input line 1358.
Package xcolor Info: Model `Gray' substituted by `gray' on input line 1359.
Package xcolor Info: Model `wave' substituted by `hsb' on input line 1360.
)
("C:\Program Files\tuddesign\tex\latex\tuddesign\colours\tudcolours.cfg"
File: tudcolours.cfg 2008/12/03
)
("C:\Program Files\tuddesign\tex\latex\tuddesign\colours\tudcolours.def"
File: tudcolours.def 2008/12/03
))
("C:\Program Files\tuddesign\tex\latex\tuddesign\report\tudreprt_fonts.sty"
Package: tudreprt_fonts 2009/00/18 1.11 Clemens von Loewenich's and Joe Werner'
s TUD-Design package

("C:\Program Files\tuddesign\tex\latex\tuddesign\base\tudfonts.sty"
Package: tudfonts 2009/09/18 1.12 Clemens von Loewenich's and Joe Werner's TUD-
Design package

("C:\Program Files\MiKTeX 2.9\tex\latex\base\fontenc.sty"
Package: fontenc 2005/09/27 v1.99g Standard LaTeX package

("C:\Program Files\MiKTeX 2.9\tex\latex\base\t1enc.def"
File: t1enc.def 2005/09/27 v1.99g Standard LaTeX file
LaTeX Font Info:    Redeclaring font encoding T1 on input line 43.
))
("C:\Program Files\MiKTeX 2.9\tex\latex\base\textcomp.sty"
Package: textcomp 2005/09/27 v1.99g Standard LaTeX package
Package textcomp Info: Sub-encoding information:
(textcomp)               5 = only ISO-Adobe without \textcurrency
(textcomp)               4 = 5 + \texteuro
(textcomp)               3 = 4 + \textohm
(textcomp)               2 = 3 + \textestimated + \textcurrency
(textcomp)               1 = TS1 - \textcircled - \t
(textcomp)               0 = TS1 (full)
(textcomp)             Font families with sub-encoding setting implement
(textcomp)             only a restricted character set as indicated.
(textcomp)             Family '?' is the default used for unknown fonts.
(textcomp)             See the documentation for details.
Package textcomp Info: Setting ? sub-encoding to TS1/1 on input line 71.
Package textcomp Info: Changing ? sub-encoding to TS1/4 on input line 72.

("C:\Program Files\MiKTeX 2.9\tex\latex\base\ts1enc.def"
File: ts1enc.def 2001/06/05 v3.0e (jk/car/fm) Standard LaTeX file
)
LaTeX Info: Redefining \oldstylenums on input line 266.
Package textcomp Info: Setting cmr sub-encoding to TS1/0 on input line 281.
Package textcomp Info: Setting cmss sub-encoding to TS1/0 on input line 282.
Package textcomp Info: Setting cmtt sub-encoding to TS1/0 on input line 283.
Package textcomp Info: Setting cmvtt sub-encoding to TS1/0 on input line 284.
Package textcomp Info: Setting cmbr sub-encoding to TS1/0 on input line 285.
Package textcomp Info: Setting cmtl sub-encoding to TS1/0 on input line 286.
Package textcomp Info: Setting ccr sub-encoding to TS1/0 on input line 287.
Package textcomp Info: Setting ptm sub-encoding to TS1/4 on input line 288.
Package textcomp Info: Setting pcr sub-encoding to TS1/4 on input line 289.
Package textcomp Info: Setting phv sub-encoding to TS1/4 on input line 290.
Package textcomp Info: Setting ppl sub-encoding to TS1/3 on input line 291.
Package textcomp Info: Setting pag sub-encoding to TS1/4 on input line 292.
Package textcomp Info: Setting pbk sub-encoding to TS1/4 on input line 293.
Package textcomp Info: Setting pnc sub-encoding to TS1/4 on input line 294.
Package textcomp Info: Setting pzc sub-encoding to TS1/4 on input line 295.
Package textcomp Info: Setting bch sub-encoding to TS1/4 on input line 296.
Package textcomp Info: Setting put sub-encoding to TS1/5 on input line 297.
Package textcomp Info: Setting uag sub-encoding to TS1/5 on input line 298.
Package textcomp Info: Setting ugq sub-encoding to TS1/5 on input line 299.
Package textcomp Info: Setting ul8 sub-encoding to TS1/4 on input line 300.
Package textcomp Info: Setting ul9 sub-encoding to TS1/4 on input line 301.
Package textcomp Info: Setting augie sub-encoding to TS1/5 on input line 302.
Package textcomp Info: Setting dayrom sub-encoding to TS1/3 on input line 303.
Package textcomp Info: Setting dayroms sub-encoding to TS1/3 on input line 304.

Package textcomp Info: Setting pxr sub-encoding to TS1/0 on input line 305.
Package textcomp Info: Setting pxss sub-encoding to TS1/0 on input line 306.
Package textcomp Info: Setting pxtt sub-encoding to TS1/0 on input line 307.
Package textcomp Info: Setting txr sub-encoding to TS1/0 on input line 308.
Package textcomp Info: Setting txss sub-encoding to TS1/0 on input line 309.
Package textcomp Info: Setting txtt sub-encoding to TS1/0 on input line 310.
Package textcomp Info: Setting lmr sub-encoding to TS1/0 on input line 311.
Package textcomp Info: Setting lmdh sub-encoding to TS1/0 on input line 312.
Package textcomp Info: Setting lmss sub-encoding to TS1/0 on input line 313.
Package textcomp Info: Setting lmssq sub-encoding to TS1/0 on input line 314.
Package textcomp Info: Setting lmvtt sub-encoding to TS1/0 on input line 315.
Package textcomp Info: Setting qhv sub-encoding to TS1/0 on input line 316.
Package textcomp Info: Setting qag sub-encoding to TS1/0 on input line 317.
Package textcomp Info: Setting qbk sub-encoding to TS1/0 on input line 318.
Package textcomp Info: Setting qcr sub-encoding to TS1/0 on input line 319.
Package textcomp Info: Setting qcs sub-encoding to TS1/0 on input line 320.
Package textcomp Info: Setting qpl sub-encoding to TS1/0 on input line 321.
Package textcomp Info: Setting qtm sub-encoding to TS1/0 on input line 322.
Package textcomp Info: Setting qzc sub-encoding to TS1/0 on input line 323.
Package textcomp Info: Setting qhvc sub-encoding to TS1/0 on input line 324.
Package textcomp Info: Setting futs sub-encoding to TS1/4 on input line 325.
Package textcomp Info: Setting futx sub-encoding to TS1/4 on input line 326.
Package textcomp Info: Setting futj sub-encoding to TS1/4 on input line 327.
Package textcomp Info: Setting hlh sub-encoding to TS1/3 on input line 328.
Package textcomp Info: Setting hls sub-encoding to TS1/3 on input line 329.
Package textcomp Info: Setting hlst sub-encoding to TS1/3 on input line 330.
Package textcomp Info: Setting hlct sub-encoding to TS1/5 on input line 331.
Package textcomp Info: Setting hlx sub-encoding to TS1/5 on input line 332.
Package textcomp Info: Setting hlce sub-encoding to TS1/5 on input line 333.
Package textcomp Info: Setting hlcn sub-encoding to TS1/5 on input line 334.
Package textcomp Info: Setting hlcw sub-encoding to TS1/5 on input line 335.
Package textcomp Info: Setting hlcf sub-encoding to TS1/5 on input line 336.
Package textcomp Info: Setting pplx sub-encoding to TS1/3 on input line 337.
Package textcomp Info: Setting pplj sub-encoding to TS1/3 on input line 338.
Package textcomp Info: Setting ptmx sub-encoding to TS1/4 on input line 339.
Package textcomp Info: Setting ptmj sub-encoding to TS1/4 on input line 340.
)
("C:\Program Files\MiKTeX 2.9\tex\latex\base\fix-cm.sty"
Package: fix-cm 2006/09/13 v1.1m fixes to LaTeX

("C:\Program Files\MiKTeX 2.9\tex\latex\base\ts1enc.def"
File: ts1enc.def 2001/06/05 v3.0e (jk/car/fm) Standard LaTeX file
LaTeX Font Info:    Redeclaring font encoding TS1 on input line 42.
))
(C:\Users\Malte\AppData\Roaming\MiKTeX\2.9\tex\latex\mathdesign\mathdesign.sty
Package: mathdesign 2013/08/29 v2.31 Math Design Project

(C:\Users\Malte\AppData\Roaming\MiKTeX\2.9\tex\latex\mathdesign\mdbch\mdbch.cfg
)
(C:\Users\Malte\AppData\Roaming\MiKTeX\2.9\tex\latex\mathdesign\mdbch\mdbch.sty
Package: mdbch 2013/08/29 v2.31 bitstream bitstream charter + mdbch (Math Desig
n Project)
(C:\Users\Malte\AppData\Roaming\MiKTeX\2.9\tex\latex\mathdesign\mdfont.def
File: mdfont.def 2013/08/29 v2.31 (Math Design Project)
)
(C:\Users\Malte\AppData\Roaming\MiKTeX\2.9\tex\latex\mathdesign\mdsffont.def
File: mdsffont.def 2013/08/29 v2.31 (Math Design Project)
)
(C:\Users\Malte\AppData\Roaming\MiKTeX\2.9\tex\latex\mathdesign\mdttfont.def
File: mdttfont.def 2013/08/29 v2.31 (Math Design Project)
)
\symmdcal=\mathgroup4
LaTeX Font Info:    Overwriting symbol font `mdcal' in version `bold'
(Font)                  OMS/mdbch/m/n --> OMS/mdbch/b/n on input line 97.
\symmdscr=\mathgroup5
LaTeX Font Info:    Overwriting symbol font `mdscr' in version `bold'
(Font)                  OMS/mdbch/m/n --> OMS/mdbch/b/n on input line 103.
LaTeX Font Info:    Overwriting math alphabet `\mathfrak' in version `bold'
(Font)                  U/xmdeuf/m/n --> U/xmdeuf/b/n on input line 110.
LaTeX Font Info:    Overwriting symbol font `operators' in version `normal'
(Font)                  OT1/cmr/m/n --> OT1/mdbch/m/n on input line 121.
LaTeX Font Info:    Overwriting symbol font `letters' in version `normal'
(Font)                  OML/cmm/m/it --> OML/mdbch/m/it on input line 122.
LaTeX Font Info:    Overwriting symbol font `symbols' in version `normal'
(Font)                  OMS/cmsy/m/n --> OMS/mdbch/m/n on input line 123.
LaTeX Font Info:    Overwriting symbol font `largesymbols' in version `normal'
(Font)                  OMX/cmex/m/n --> OMX/mdbch/m/n on input line 124.
LaTeX Font Info:    Overwriting symbol font `operators' in version `bold'
(Font)                  OT1/cmr/bx/n --> OT1/mdbch/b/n on input line 126.
LaTeX Font Info:    Overwriting symbol font `letters' in version `bold'
(Font)                  OML/cmm/b/it --> OML/mdbch/b/it on input line 127.
LaTeX Font Info:    Overwriting symbol font `symbols' in version `bold'
(Font)                  OMS/cmsy/b/n --> OMS/mdbch/b/n on input line 128.
LaTeX Font Info:    Overwriting symbol font `largesymbols' in version `bold'
(Font)                  OMX/cmex/m/n --> OMX/mdbch/b/n on input line 129.
LaTeX Font Info:    Overwriting math alphabet `\mathrm' in version `normal'
(Font)                  OT1/mdbch/m/n --> T1/mdbch/m/n on input line 131.
LaTeX Font Info:    Overwriting math alphabet `\mathbf' in version `normal'
(Font)                  OT1/cmr/bx/n --> T1/mdbch/b/n on input line 132.
LaTeX Font Info:    Overwriting math alphabet `\mathit' in version `normal'
(Font)                  OT1/cmr/m/it --> T1/mdbch/m/it on input line 133.
LaTeX Font Info:    Overwriting math alphabet `\mathsf' in version `normal'
(Font)                  OT1/cmss/m/n --> T1/cmss/m/n on input line 134.
LaTeX Font Info:    Overwriting math alphabet `\mathtt' in version `normal'
(Font)                  OT1/cmtt/m/n --> T1/cmtt/m/n on input line 135.
LaTeX Font Info:    Overwriting math alphabet `\mathrm' in version `bold'
(Font)                  OT1/mdbch/b/n --> T1/mdbch/b/n on input line 137.
LaTeX Font Info:    Overwriting math alphabet `\mathbf' in version `bold'
(Font)                  OT1/cmr/bx/n --> T1/mdbch/b/n on input line 138.
LaTeX Font Info:    Overwriting math alphabet `\mathit' in version `bold'
(Font)                  OT1/cmr/bx/it --> T1/mdbch/b/it on input line 139.
LaTeX Font Info:    Overwriting math alphabet `\mathsf' in version `bold'
(Font)                  OT1/cmss/bx/n --> T1/cmss/b/n on input line 140.
LaTeX Font Info:    Overwriting math alphabet `\mathtt' in version `bold'
(Font)                  OT1/cmtt/m/n --> T1/cmtt/b/n on input line 141.
\symlettersupright=\mathgroup6
LaTeX Font Info:    Overwriting symbol font `lettersupright' in version `bold'
(Font)                  OML/mdbch/m/n --> OML/mdbch/b/n on input line 144.
LaTeX Font Info:    Redeclaring math alphabet \mathrm on input line 145.
LaTeX Font Info:    Overwriting math alphabet `\mathcal' in version `normal'
(Font)                  OMS/mdbch/m/n --> OMS/mdbch/m/n on input line 167.
LaTeX Font Info:    Try loading font information for T1+mdbch on input line 186
.

(C:\Users\Malte\AppData\Roaming\MiKTeX\2.9\tex\latex\mathdesign\mdbch\t1mdbch.f
d
File: t1mdbch.fd 2013/08/29 Fontinst v1.933 font definitions for T1/mdbch.
)
LaTeX Font Info:    Font shape `T1/mdbch/m/n' will be
(Font)              scaled to size 10.51207pt on input line 186.
LaTeX Font Info:    Redeclaring math accent \widetilde on input line 449.
LaTeX Font Info:    Redeclaring math accent \widehat on input line 450.
\symmathdesignA=\mathgroup7
LaTeX Font Info:    Overwriting symbol font `mathdesignA' in version `bold'
(Font)                  MDA/mdbch/m/n --> MDA/mdbch/b/n on input line 491.
\symmathdesignB=\mathgroup8
LaTeX Font Info:    Overwriting symbol font `mathdesignB' in version `bold'
(Font)                  MDB/mdbch/m/n --> MDB/mdbch/b/n on input line 498.
\@emptytoks=\toks16
LaTeX Font Info:    Redeclaring math accent \widetilde on input line 532.
LaTeX Font Info:    Redeclaring math accent \widehat on input line 533.
\rulethickness=\skip51
) ("C:\Program Files\MiKTeX 2.9\tex\latex\base\fontenc.sty"
Package: fontenc 2005/09/27 v1.99g Standard LaTeX package

("C:\Program Files\MiKTeX 2.9\tex\latex\base\t1enc.def"
File: t1enc.def 2005/09/27 v1.99g Standard LaTeX file
LaTeX Font Info:    Redeclaring font encoding T1 on input line 43.
)))
\symutopiasymbol=\mathgroup9
LaTeX Font Info:    Overwriting math alphabet `\mathmb' in version `normal'
(Font)                  T1/5ch/mb/n --> T1/5ch/mb/n on input line 34.
LaTeX Font Info:    Overwriting math alphabet `\mathmb' in version `bold'
(Font)                  T1/5ch/mb/n --> T1/5ch/mb/n on input line 35.
LaTeX Info: Redefining \em on input line 37.
\fontheight=\skip52
\fontdepth=\skip53
\fontstrutbox=\box27
LaTeX Info: Redefining \LaTeX on input line 108.
)
LaTeX Font Info:    Font shape `T1/mdbch/m/n' will be
(Font)              scaled to size 10.56007pt on input line 239.
)
\TUD@headfootsep=\skip54

("C:\Program Files\tuddesign\tex\latex\tuddesign\base\tudpage.sty"
Package: tudpage 2009/08/11 1.10 Clemens von Loewenich's and Joe Werner's TUD-D
esign package

("C:\Program Files\tuddesign\tex\latex\tuddesign\base\tudpaper.sty"
Package: tudpaper 2009/01/28 1.9 Clemens von Loewenich's and Joe Werner's TUD-D
esign package

("C:\Program Files\MiKTeX 2.9\tex\latex\graphics\graphicx.sty"
Package: graphicx 1999/02/16 v1.0f Enhanced LaTeX Graphics (DPC,SPQR)

("C:\Program Files\MiKTeX 2.9\tex\latex\graphics\graphics.sty"
Package: graphics 2009/02/05 v1.0o Standard LaTeX Graphics (DPC,SPQR)

("C:\Program Files\MiKTeX 2.9\tex\latex\graphics\trig.sty"
Package: trig 1999/03/16 v1.09 sin cos tan (DPC)
)
("C:\Program Files\MiKTeX 2.9\tex\latex\00miktex\graphics.cfg"
File: graphics.cfg 2007/01/18 v1.5 graphics configuration of teTeX/TeXLive
)
Package graphics Info: Driver file: pdftex.def on input line 91.
)
\Gin@req@height=\dimen105
\Gin@req@width=\dimen106
)
(C:\Users\Malte\AppData\Roaming\MiKTeX\2.9\tex\latex\eso-pic\eso-pic.sty
Package: eso-pic 2013/10/06 v2.0d eso-pic (RN)

("C:\Program Files\MiKTeX 2.9\tex\generic\oberdiek\atbegshi.sty"
Package: atbegshi 2011/10/05 v1.16 At begin shipout hook (HO)

("C:\Program Files\MiKTeX 2.9\tex\generic\oberdiek\ifpdf.sty"
Package: ifpdf 2011/01/30 v2.3 Provides the ifpdf switch (HO)
Package ifpdf Info: pdfTeX in PDF mode is detected.
)))
\TUD@logo@height=\skip55
\TUD@logo@leftskip=\skip56
\TUD@sep@top=\skip57
\TUD@sep@left=\skip58
\TUD@sep@right=\skip59
\TUD@sep@bottom=\skip60
\TUD@titlepos=\skip61
\TUD@titlebox@sep@left=\skip62
\TUD@titlebox@sep@right=\skip63
\TUD@titlebox@sep@bottom=\skip64
\TUD@subtitlebox@sep=\skip65
\TUD@textwidth=\skip66
\TUD@cols@width=\skip67
\TUD@cols@sep=\skip68
\c@TUD@cols@n=\count93

("C:\Program Files\tuddesign\tex\latex\tuddesign\base\tudrules.sty"
Package: tudrules 2008/10/09 1.6 Clemens von Loewenich's and Joe Werner's TUD-D
esign package
\TUD@indentbar@height=\skip69
\TUD@indentbar@depth=\skip70
\TUD@indentbar@totalheight=\skip71
\@TUD@indentbar@width=\skip72
\@TUD@largeruleheight=\skip73
\@TUD@smallruleheight=\skip74
\@TUD@rulesep=\skip75
\@TUD@ruleheight=\skip76
)
\TUD@indentbarheight=\skip77

("C:\Program Files\MiKTeX 2.9\tex\latex\geometry\geometry.sty"
Package: geometry 2010/09/12 v5.6 Page Geometry

("C:\Program Files\MiKTeX 2.9\tex\generic\oberdiek\ifvtex.sty"
Package: ifvtex 2010/03/01 v1.5 Detect VTeX and its facilities (HO)
Package ifvtex Info: VTeX not detected.
)
("C:\Program Files\MiKTeX 2.9\tex\generic\ifxetex\ifxetex.sty"
Package: ifxetex 2010/09/12 v0.6 Provides ifxetex conditional
)
\Gm@cnth=\count94
\Gm@cntv=\count95
\c@Gm@tempcnt=\count96
\Gm@bindingoffset=\dimen107
\Gm@wd@mp=\dimen108
\Gm@odd@mp=\dimen109
\Gm@even@mp=\dimen110
\Gm@layoutwidth=\dimen111
\Gm@layoutheight=\dimen112
\Gm@layouthoffset=\dimen113
\Gm@layoutvoffset=\dimen114
\Gm@dimlist=\toks17

("C:\Program Files\MiKTeX 2.9\tex\latex\geometry\geometry.cfg")))
\TUD@footparindent=\skip78


Class scrartcl Warning: Usage of package `fancyhdr' together
(scrartcl)              with a KOMA-Script class is not recommended.
(scrartcl)              I'd suggest to use 
(scrartcl)              package `scrpage2' or `scrlayer-scrpage'.
(scrartcl)              Nevertheless, using requested
(scrartcl)              package `fancyhdr' on input line 47.

(C:\Users\Malte\AppData\Roaming\MiKTeX\2.9\tex\latex\fancyhdr\fancyhdr.sty
\fancy@headwidth=\skip79
\f@ncyO@elh=\skip80
\f@ncyO@erh=\skip81
\f@ncyO@olh=\skip82
\f@ncyO@orh=\skip83
\f@ncyO@elf=\skip84
\f@ncyO@erf=\skip85
\f@ncyO@olf=\skip86
\f@ncyO@orf=\skip87
))
("C:\Program Files\tuddesign\tex\latex\tuddesign\base\tudheading.sty"
Package: tudheading 2009/12/31 1.17 Clemens von Loewenich's and Joe Werner's TU
D-Design package


Class scrartcl Warning: Usage of package `titlesec' together
(scrartcl)              with a KOMA-Script class is not recommended.
(scrartcl)              I'd suggest to use the package only
(scrartcl)              if you really need it, because it breaks several
(scrartcl)              KOMA-Script features, i.e., option `headings' and
(scrartcl)              the extended optional argument of the section
(scrartcl)              commands .
(scrartcl)              Nevertheless, using requested
(scrartcl)              package `titlesec' on input line 12.

(C:\Users\Malte\AppData\Roaming\MiKTeX\2.9\tex\latex\titlesec\titlesec.sty
Package: titlesec 2011/12/15 v2.10.0 Sectioning titles
\ttl@box=\box28
\beforetitleunit=\skip88
\aftertitleunit=\skip89
\ttl@plus=\dimen115
\ttl@minus=\dimen116
\ttl@toksa=\toks18
\titlewidth=\dimen117
\titlewidthlast=\dimen118
\titlewidthfirst=\dimen119
)
\c@seclinedepth=\count97
\TUD@chapter@diff@height=\skip90
LaTeX Font Info:    Font shape `T1/mdbch/m/n' will be
(Font)              scaled to size 22.27214pt on input line 75.
\@TUD@above@headskip=\skip91
\@TUD@below@headskip=\skip92

("C:\Program Files\tuddesign\tex\latex\tuddesign\base\tudheading.def"
File: tudheading.def 2009/07/14
\TUD@part@tmp@height=\skip93
\TUD@part@tmp@depth=\skip94
\@TUD@partbox=\box29
)
\TUD@parind=\skip95
\TUD@chapind=\skip96
\TUD@secind=\skip97
\TUD@subsecind=\skip98
\TUD@subsubsecind=\skip99

(C:\Users\Malte\AppData\Roaming\MiKTeX\2.9\tex\latex\titlesec\block.tss
File: block.tss 2011/12/15
)
(C:\Users\Malte\AppData\Roaming\MiKTeX\2.9\tex\latex\titlesec\titletoc.sty
Package: titletoc 2011/12/15 v1.6 TOC entries
\ttl@leftsep=\dimen120
))
("C:\Program Files\tuddesign\tex\latex\tuddesign\base\tudredef.sty"
Package: tudredef 2010/04/10 1.2 Clemens von Loewenich's and Joe Werner's TUD-D
esign package
\TUD@abstract@count=\count98
)
("C:\Program Files\tuddesign\tex\latex\tuddesign\report\tudreprt_title.sty"
Package: tudreprt_title 2009/09/18 1.11 Clemens von Loewenich's and Joe Werner'
s TUD-Design package
\TUD@sponsorlogo=\box30
\TUD@titleskip=\skip100
))
(C:\Users\Malte\AppData\Roaming\MiKTeX\2.9\tex\latex\german\ngerman.sty
v2.5e 1998-07-08
Package: ngerman 1998/07/08 v2.5e Support for writing german texts (br)
\grmnU@D=\dimen121
ngerman -- \language number for naustrian undefined, default 43 used.
)
(C:\Users\Malte\AppData\Roaming\MiKTeX\2.9\tex\latex\footmisc\footmisc.sty
Package: footmisc 2011/06/06 v5.5b a miscellany of footnote facilities
\FN@temptoken=\toks19
\footnotemargin=\dimen122
\c@pp@next@reset=\count99
Package footmisc Info: Declaring symbol style bringhurst on input line 855.
Package footmisc Info: Declaring symbol style chicago on input line 863.
Package footmisc Info: Declaring symbol style wiley on input line 872.
Package footmisc Info: Declaring symbol style lamport-robust on input line 883.

Package footmisc Info: Declaring symbol style lamport* on input line 903.
Package footmisc Info: Declaring symbol style lamport*-robust on input line 924
.
)
("C:\Program Files\MiKTeX 2.9\tex\latex\tools\longtable.sty"
Package: longtable 2004/02/01 v4.11 Multi-page Table package (DPC)
\LTleft=\skip101
\LTright=\skip102
\LTpre=\skip103
\LTpost=\skip104
\LTchunksize=\count100
\LTcapwidth=\dimen123
\LT@head=\box31
\LT@firsthead=\box32
\LT@foot=\box33
\LT@lastfoot=\box34
\LT@cols=\count101
\LT@rows=\count102
\c@LT@tables=\count103
\c@LT@chunks=\count104
\LT@p@ftn=\toks20
)
Class scrartcl Info: longtable captions redefined on input line 7.

("C:\Program Files\MiKTeX 2.9\tex\latex\multirow\multirow.sty"
\bigstrutjot=\dimen124
)
(C:\Users\Malte\AppData\Roaming\MiKTeX\2.9\tex\latex\booktabs\booktabs.sty
Package: booktabs 2005/04/14 v1.61803 publication quality tables
\heavyrulewidth=\dimen125
\lightrulewidth=\dimen126
\cmidrulewidth=\dimen127
\belowrulesep=\dimen128
\belowbottomsep=\dimen129
\aboverulesep=\dimen130
\abovetopsep=\dimen131
\cmidrulesep=\dimen132
\cmidrulekern=\dimen133
\defaultaddspace=\dimen134
\@cmidla=\count105
\@cmidlb=\count106
\@aboverulesep=\dimen135
\@belowrulesep=\dimen136
\@thisruleclass=\count107
\@lastruleclass=\count108
\@thisrulewidth=\dimen137
)
("C:\Program Files\MiKTeX 2.9\tex\latex\lm\lmodern.sty"
Package: lmodern 2009/10/30 v1.6 Latin Modern Fonts
LaTeX Font Info:    Overwriting symbol font `operators' in version `normal'
(Font)                  OT1/mdbch/m/n --> OT1/lmr/m/n on input line 22.
LaTeX Font Info:    Overwriting symbol font `letters' in version `normal'
(Font)                  OML/mdbch/m/it --> OML/lmm/m/it on input line 23.
LaTeX Font Info:    Overwriting symbol font `symbols' in version `normal'
(Font)                  OMS/mdbch/m/n --> OMS/lmsy/m/n on input line 24.
LaTeX Font Info:    Overwriting symbol font `largesymbols' in version `normal'
(Font)                  OMX/mdbch/m/n --> OMX/lmex/m/n on input line 25.
LaTeX Font Info:    Overwriting symbol font `operators' in version `bold'
(Font)                  OT1/mdbch/b/n --> OT1/lmr/bx/n on input line 26.
LaTeX Font Info:    Overwriting symbol font `letters' in version `bold'
(Font)                  OML/mdbch/b/it --> OML/lmm/b/it on input line 27.
LaTeX Font Info:    Overwriting symbol font `symbols' in version `bold'
(Font)                  OMS/mdbch/b/n --> OMS/lmsy/b/n on input line 28.
LaTeX Font Info:    Overwriting symbol font `largesymbols' in version `bold'
(Font)                  OMX/mdbch/b/n --> OMX/lmex/m/n on input line 29.
LaTeX Font Info:    Overwriting math alphabet `\mathbf' in version `normal'
(Font)                  T1/mdbch/b/n --> OT1/lmr/bx/n on input line 31.
LaTeX Font Info:    Overwriting math alphabet `\mathsf' in version `normal'
(Font)                  T1/cmss/m/n --> OT1/lmss/m/n on input line 32.
LaTeX Font Info:    Overwriting math alphabet `\mathit' in version `normal'
(Font)                  T1/mdbch/m/it --> OT1/lmr/m/it on input line 33.
LaTeX Font Info:    Overwriting math alphabet `\mathtt' in version `normal'
(Font)                  T1/cmtt/m/n --> OT1/lmtt/m/n on input line 34.
LaTeX Font Info:    Overwriting math alphabet `\mathbf' in version `bold'
(Font)                  T1/mdbch/b/n --> OT1/lmr/bx/n on input line 35.
LaTeX Font Info:    Overwriting math alphabet `\mathsf' in version `bold'
(Font)                  T1/cmss/b/n --> OT1/lmss/bx/n on input line 36.
LaTeX Font Info:    Overwriting math alphabet `\mathit' in version `bold'
(Font)                  T1/mdbch/b/it --> OT1/lmr/bx/it on input line 37.
LaTeX Font Info:    Overwriting math alphabet `\mathtt' in version `bold'
(Font)                  T1/cmtt/b/n --> OT1/lmtt/m/n on input line 38.
)
("C:\Program Files\MiKTeX 2.9\tex\generic\babel\babel.sty"
Package: babel 2008/07/08 v3.8m The Babel package

*************************************
* Local config file bblopts.cfg used
*
("C:\Program Files\MiKTeX 2.9\tex\latex\00miktex\bblopts.cfg"
File: bblopts.cfg 2006/07/31 v1.0 MiKTeX 'babel' configuration
)
("C:\Program Files\MiKTeX 2.9\tex\generic\babel\greek.ldf"
Language: greek 2005/03/30 v1.3l Greek support from the babel system

("C:\Program Files\MiKTeX 2.9\tex\generic\babel\babel.def"
File: babel.def 2008/07/08 v3.8m Babel common definitions
\babel@savecnt=\count109
\U@D=\dimen138
)
Loading the definitions for the Greek font encoding
(C:\Users\Malte\AppData\Roaming\MiKTeX\2.9\tex\latex\greek-fontenc\lgrenc.def
File: lgrenc.def 2015/12/07 v0.13.1 LGR Greek font encoding definitions

(C:\Users\Malte\AppData\Roaming\MiKTeX\2.9\tex\latex\greek-fontenc\greek-fonten
c.def
File: greek-fontenc.def 2015/08/04 v0.13 Common Greek font encoding definitions

))) ("C:\Program Files\MiKTeX 2.9\tex\generic\babel\ngermanb.ldf"
Language: ngermanb 2008/07/06 v2.6n new German support from the babel system
))
("C:\Program Files\MiKTeX 2.9\tex\latex\base\fontenc.sty"
Package: fontenc 2005/09/27 v1.99g Standard LaTeX package

("C:\Program Files\MiKTeX 2.9\tex\latex\base\t1enc.def"
File: t1enc.def 2005/09/27 v1.99g Standard LaTeX file
LaTeX Font Info:    Redeclaring font encoding T1 on input line 43.
))
("C:\Program Files\MiKTeX 2.9\tex\latex\base\inputenc.sty"
Package: inputenc 2008/03/30 v1.1d Input encoding file
\inpenc@prehook=\toks21
\inpenc@posthook=\toks22

("C:\Program Files\MiKTeX 2.9\tex\latex\base\ansinew.def"
File: ansinew.def 2008/03/30 v1.1d Input encoding file
))
(C:\Users\Malte\AppData\Roaming\MiKTeX\2.9\tex\latex\subfig\subfig.sty
Package: subfig 2005/06/28 ver: 1.3 subfig package

(C:\Users\Malte\AppData\Roaming\MiKTeX\2.9\tex\latex\caption\caption.sty
Package: caption 2013/05/02 v3.3-89 Customizing captions (AR)

(C:\Users\Malte\AppData\Roaming\MiKTeX\2.9\tex\latex\caption\caption3.sty
Package: caption3 2013/05/02 v1.6-88 caption3 kernel (AR)
Package caption3 Info: TeX engine: e-TeX on input line 57.
\captionmargin=\dimen139
\captionmargin@=\dimen140
\captionwidth=\dimen141
\caption@tempdima=\dimen142
\caption@indent=\dimen143
\caption@parindent=\dimen144
\caption@hangindent=\dimen145
)
Package caption Info: KOMA-Script document class.
\c@ContinuedFloat=\count110
Package caption Info: longtable package is loaded.

(C:\Users\Malte\AppData\Roaming\MiKTeX\2.9\tex\latex\caption\ltcaption.sty
Package: ltcaption 2013/02/03 v1.3-62 longtable captions (AR)
))
\c@KVtest=\count111
\sf@farskip=\skip105
\sf@captopadj=\dimen146
\sf@capskip=\skip106
\sf@nearskip=\skip107
\c@subfigure=\count112
\c@subfigure@save=\count113
\c@lofdepth=\count114
\c@subtable=\count115
\c@subtable@save=\count116
\c@lotdepth=\count117
\sf@top=\skip108
\sf@bottom=\skip109
)
(C:\Users\Malte\AppData\Roaming\MiKTeX\2.9\tex\latex\paralist\paralist.sty
Package: paralist 2016/08/07 v2.6 Extended list environments
\pltopsep=\skip110
\plpartopsep=\skip111
\plitemsep=\skip112
\plparsep=\skip113
\pl@lab=\toks23
)
(C:\Users\Malte\AppData\Roaming\MiKTeX\2.9\tex\latex\cite\cite.sty
LaTeX Info: Redefining \cite on input line 302.
LaTeX Info: Redefining \nocite on input line 332.
Package: cite 2015/02/27  v 5.5
)
(C:\Users\Malte\AppData\Roaming\MiKTeX\2.9\tex\latex\pgf\basiclayer\pgf.sty
(C:\Users\Malte\AppData\Roaming\MiKTeX\2.9\tex\latex\pgf\utilities\pgfrcs.sty
(C:\Users\Malte\AppData\Roaming\MiKTeX\2.9\tex\generic\pgf\utilities\pgfutil-co
mmon.tex
\pgfutil@everybye=\toks24
\pgfutil@tempdima=\dimen147
\pgfutil@tempdimb=\dimen148

(C:\Users\Malte\AppData\Roaming\MiKTeX\2.9\tex\generic\pgf\utilities\pgfutil-co
mmon-lists.tex))
(C:\Users\Malte\AppData\Roaming\MiKTeX\2.9\tex\generic\pgf\utilities\pgfutil-la
tex.def
\pgfutil@abb=\box35
 (C:\Users\Malte\AppData\Roaming\MiKTeX\2.9\tex\latex\ms\everyshi.sty
Package: everyshi 2001/05/15 v3.00 EveryShipout Package (MS)
))
(C:\Users\Malte\AppData\Roaming\MiKTeX\2.9\tex\generic\pgf\utilities\pgfrcs.cod
e.tex
Package: pgfrcs 2015/08/07 v3.0.1a (rcs-revision 1.31)
))
Package: pgf 2015/08/07 v3.0.1a (rcs-revision 1.15)

(C:\Users\Malte\AppData\Roaming\MiKTeX\2.9\tex\latex\pgf\basiclayer\pgfcore.sty

(C:\Users\Malte\AppData\Roaming\MiKTeX\2.9\tex\latex\pgf\systemlayer\pgfsys.sty

(C:\Users\Malte\AppData\Roaming\MiKTeX\2.9\tex\generic\pgf\systemlayer\pgfsys.c
ode.tex
Package: pgfsys 2014/07/09 v3.0.1a (rcs-revision 1.48)

(C:\Users\Malte\AppData\Roaming\MiKTeX\2.9\tex\generic\pgf\utilities\pgfkeys.co
de.tex
\pgfkeys@pathtoks=\toks25
\pgfkeys@temptoks=\toks26

(C:\Users\Malte\AppData\Roaming\MiKTeX\2.9\tex\generic\pgf\utilities\pgfkeysfil
tered.code.tex
\pgfkeys@tmptoks=\toks27
))
\pgf@x=\dimen149
\pgf@y=\dimen150
\pgf@xa=\dimen151
\pgf@ya=\dimen152
\pgf@xb=\dimen153
\pgf@yb=\dimen154
\pgf@xc=\dimen155
\pgf@yc=\dimen156
\w@pgf@writea=\write3
\r@pgf@reada=\read1
\c@pgf@counta=\count118
\c@pgf@countb=\count119
\c@pgf@countc=\count120
\c@pgf@countd=\count121
\t@pgf@toka=\toks28
\t@pgf@tokb=\toks29
\t@pgf@tokc=\toks30

(C:\Users\Malte\AppData\Roaming\MiKTeX\2.9\tex\generic\pgf\systemlayer\pgf.cfg
File: pgf.cfg 2008/05/14  (rcs-revision 1.7)
)
Driver file for pgf: pgfsys-pdftex.def

(C:\Users\Malte\AppData\Roaming\MiKTeX\2.9\tex\generic\pgf\systemlayer\pgfsys-p
dftex.def
File: pgfsys-pdftex.def 2014/10/11  (rcs-revision 1.35)

(C:\Users\Malte\AppData\Roaming\MiKTeX\2.9\tex\generic\pgf\systemlayer\pgfsys-c
ommon-pdf.def
File: pgfsys-common-pdf.def 2013/10/10  (rcs-revision 1.13)
)))
(C:\Users\Malte\AppData\Roaming\MiKTeX\2.9\tex\generic\pgf\systemlayer\pgfsysso
ftpath.code.tex
File: pgfsyssoftpath.code.tex 2013/09/09  (rcs-revision 1.9)
\pgfsyssoftpath@smallbuffer@items=\count122
\pgfsyssoftpath@bigbuffer@items=\count123
)
(C:\Users\Malte\AppData\Roaming\MiKTeX\2.9\tex\generic\pgf\systemlayer\pgfsyspr
otocol.code.tex
File: pgfsysprotocol.code.tex 2006/10/16  (rcs-revision 1.4)
))
(C:\Users\Malte\AppData\Roaming\MiKTeX\2.9\tex\generic\pgf\basiclayer\pgfcore.c
ode.tex
Package: pgfcore 2010/04/11 v3.0.1a (rcs-revision 1.7)

(C:\Users\Malte\AppData\Roaming\MiKTeX\2.9\tex\generic\pgf\math\pgfmath.code.te
x
(C:\Users\Malte\AppData\Roaming\MiKTeX\2.9\tex\generic\pgf\math\pgfmathcalc.cod
e.tex
(C:\Users\Malte\AppData\Roaming\MiKTeX\2.9\tex\generic\pgf\math\pgfmathutil.cod
e.tex)
(C:\Users\Malte\AppData\Roaming\MiKTeX\2.9\tex\generic\pgf\math\pgfmathparser.c
ode.tex
\pgfmath@dimen=\dimen157
\pgfmath@count=\count124
\pgfmath@box=\box36
\pgfmath@toks=\toks31
\pgfmath@stack@operand=\toks32
\pgfmath@stack@operation=\toks33
)
(C:\Users\Malte\AppData\Roaming\MiKTeX\2.9\tex\generic\pgf\math\pgfmathfunction
s.code.tex
(C:\Users\Malte\AppData\Roaming\MiKTeX\2.9\tex\generic\pgf\math\pgfmathfunction
s.basic.code.tex)
(C:\Users\Malte\AppData\Roaming\MiKTeX\2.9\tex\generic\pgf\math\pgfmathfunction
s.trigonometric.code.tex)
(C:\Users\Malte\AppData\Roaming\MiKTeX\2.9\tex\generic\pgf\math\pgfmathfunction
s.random.code.tex)
(C:\Users\Malte\AppData\Roaming\MiKTeX\2.9\tex\generic\pgf\math\pgfmathfunction
s.comparison.code.tex)
(C:\Users\Malte\AppData\Roaming\MiKTeX\2.9\tex\generic\pgf\math\pgfmathfunction
s.base.code.tex)
(C:\Users\Malte\AppData\Roaming\MiKTeX\2.9\tex\generic\pgf\math\pgfmathfunction
s.round.code.tex)
(C:\Users\Malte\AppData\Roaming\MiKTeX\2.9\tex\generic\pgf\math\pgfmathfunction
s.misc.code.tex)
(C:\Users\Malte\AppData\Roaming\MiKTeX\2.9\tex\generic\pgf\math\pgfmathfunction
s.integerarithmetics.code.tex)))
(C:\Users\Malte\AppData\Roaming\MiKTeX\2.9\tex\generic\pgf\math\pgfmathfloat.co
de.tex
\c@pgfmathroundto@lastzeros=\count125
))
(C:\Users\Malte\AppData\Roaming\MiKTeX\2.9\tex\generic\pgf\basiclayer\pgfcorepo
ints.code.tex
File: pgfcorepoints.code.tex 2013/10/07  (rcs-revision 1.27)
\pgf@picminx=\dimen158
\pgf@picmaxx=\dimen159
\pgf@picminy=\dimen160
\pgf@picmaxy=\dimen161
\pgf@pathminx=\dimen162
\pgf@pathmaxx=\dimen163
\pgf@pathminy=\dimen164
\pgf@pathmaxy=\dimen165
\pgf@xx=\dimen166
\pgf@xy=\dimen167
\pgf@yx=\dimen168
\pgf@yy=\dimen169
\pgf@zx=\dimen170
\pgf@zy=\dimen171
)
(C:\Users\Malte\AppData\Roaming\MiKTeX\2.9\tex\generic\pgf\basiclayer\pgfcorepa
thconstruct.code.tex
File: pgfcorepathconstruct.code.tex 2013/10/07  (rcs-revision 1.29)
\pgf@path@lastx=\dimen172
\pgf@path@lasty=\dimen173
)
(C:\Users\Malte\AppData\Roaming\MiKTeX\2.9\tex\generic\pgf\basiclayer\pgfcorepa
thusage.code.tex
File: pgfcorepathusage.code.tex 2014/11/02  (rcs-revision 1.24)
\pgf@shorten@end@additional=\dimen174
\pgf@shorten@start@additional=\dimen175
)
(C:\Users\Malte\AppData\Roaming\MiKTeX\2.9\tex\generic\pgf\basiclayer\pgfcoresc
opes.code.tex
File: pgfcorescopes.code.tex 2015/05/08  (rcs-revision 1.46)
\pgfpic=\box37
\pgf@hbox=\box38
\pgf@layerbox@main=\box39
\pgf@picture@serial@count=\count126
)
(C:\Users\Malte\AppData\Roaming\MiKTeX\2.9\tex\generic\pgf\basiclayer\pgfcoregr
aphicstate.code.tex
File: pgfcoregraphicstate.code.tex 2014/11/02  (rcs-revision 1.12)
\pgflinewidth=\dimen176
)
(C:\Users\Malte\AppData\Roaming\MiKTeX\2.9\tex\generic\pgf\basiclayer\pgfcoretr
ansformations.code.tex
File: pgfcoretransformations.code.tex 2015/08/07  (rcs-revision 1.20)
\pgf@pt@x=\dimen177
\pgf@pt@y=\dimen178
\pgf@pt@temp=\dimen179
)
(C:\Users\Malte\AppData\Roaming\MiKTeX\2.9\tex\generic\pgf\basiclayer\pgfcorequ
ick.code.tex
File: pgfcorequick.code.tex 2008/10/09  (rcs-revision 1.3)
)
(C:\Users\Malte\AppData\Roaming\MiKTeX\2.9\tex\generic\pgf\basiclayer\pgfcoreob
jects.code.tex
File: pgfcoreobjects.code.tex 2006/10/11  (rcs-revision 1.2)
)
(C:\Users\Malte\AppData\Roaming\MiKTeX\2.9\tex\generic\pgf\basiclayer\pgfcorepa
thprocessing.code.tex
File: pgfcorepathprocessing.code.tex 2013/09/09  (rcs-revision 1.9)
)
(C:\Users\Malte\AppData\Roaming\MiKTeX\2.9\tex\generic\pgf\basiclayer\pgfcorear
rows.code.tex
File: pgfcorearrows.code.tex 2015/05/14  (rcs-revision 1.43)
\pgfarrowsep=\dimen180
)
(C:\Users\Malte\AppData\Roaming\MiKTeX\2.9\tex\generic\pgf\basiclayer\pgfcoresh
ade.code.tex
File: pgfcoreshade.code.tex 2013/07/15  (rcs-revision 1.15)
\pgf@max=\dimen181
\pgf@sys@shading@range@num=\count127
)
(C:\Users\Malte\AppData\Roaming\MiKTeX\2.9\tex\generic\pgf\basiclayer\pgfcoreim
age.code.tex
File: pgfcoreimage.code.tex 2013/07/15  (rcs-revision 1.18)

(C:\Users\Malte\AppData\Roaming\MiKTeX\2.9\tex\generic\pgf\basiclayer\pgfcoreex
ternal.code.tex
File: pgfcoreexternal.code.tex 2014/07/09  (rcs-revision 1.21)
\pgfexternal@startupbox=\box40
))
(C:\Users\Malte\AppData\Roaming\MiKTeX\2.9\tex\generic\pgf\basiclayer\pgfcorela
yers.code.tex
File: pgfcorelayers.code.tex 2013/07/18  (rcs-revision 1.7)
)
(C:\Users\Malte\AppData\Roaming\MiKTeX\2.9\tex\generic\pgf\basiclayer\pgfcoretr
ansparency.code.tex
File: pgfcoretransparency.code.tex 2013/09/30  (rcs-revision 1.5)
)
(C:\Users\Malte\AppData\Roaming\MiKTeX\2.9\tex\generic\pgf\basiclayer\pgfcorepa
tterns.code.tex
File: pgfcorepatterns.code.tex 2013/11/07  (rcs-revision 1.5)
)))
(C:\Users\Malte\AppData\Roaming\MiKTeX\2.9\tex\generic\pgf\modules\pgfmodulesha
pes.code.tex
File: pgfmoduleshapes.code.tex 2014/03/21  (rcs-revision 1.35)
\pgfnodeparttextbox=\box41
)
(C:\Users\Malte\AppData\Roaming\MiKTeX\2.9\tex\generic\pgf\modules\pgfmoduleplo
t.code.tex
File: pgfmoduleplot.code.tex 2015/08/03  (rcs-revision 1.13)
))
(C:\Users\Malte\AppData\Roaming\MiKTeX\2.9\tex\latex\pgf\frontendlayer\tikz.sty
(C:\Users\Malte\AppData\Roaming\MiKTeX\2.9\tex\latex\pgf\utilities\pgffor.sty
(C:\Users\Malte\AppData\Roaming\MiKTeX\2.9\tex\latex\pgf\utilities\pgfkeys.sty
(C:\Users\Malte\AppData\Roaming\MiKTeX\2.9\tex\generic\pgf\utilities\pgfkeys.co
de.tex))
(C:\Users\Malte\AppData\Roaming\MiKTeX\2.9\tex\latex\pgf\math\pgfmath.sty
(C:\Users\Malte\AppData\Roaming\MiKTeX\2.9\tex\generic\pgf\math\pgfmath.code.te
x))
(C:\Users\Malte\AppData\Roaming\MiKTeX\2.9\tex\generic\pgf\utilities\pgffor.cod
e.tex
Package: pgffor 2013/12/13 v3.0.1a (rcs-revision 1.25)

(C:\Users\Malte\AppData\Roaming\MiKTeX\2.9\tex\generic\pgf\math\pgfmath.code.te
x)
\pgffor@iter=\dimen182
\pgffor@skip=\dimen183
\pgffor@stack=\toks34
\pgffor@toks=\toks35
))
(C:\Users\Malte\AppData\Roaming\MiKTeX\2.9\tex\generic\pgf\frontendlayer\tikz\t
ikz.code.tex
Package: tikz 2015/08/07 v3.0.1a (rcs-revision 1.151)

(C:\Users\Malte\AppData\Roaming\MiKTeX\2.9\tex\generic\pgf\libraries\pgflibrary
plothandlers.code.tex
File: pgflibraryplothandlers.code.tex 2013/08/31 v3.0.1a (rcs-revision 1.20)
\pgf@plot@mark@count=\count128
\pgfplotmarksize=\dimen184
)
\tikz@lastx=\dimen185
\tikz@lasty=\dimen186
\tikz@lastxsaved=\dimen187
\tikz@lastysaved=\dimen188
\tikzleveldistance=\dimen189
\tikzsiblingdistance=\dimen190
\tikz@figbox=\box42
\tikz@figbox@bg=\box43
\tikz@tempbox=\box44
\tikz@tempbox@bg=\box45
\tikztreelevel=\count129
\tikznumberofchildren=\count130
\tikznumberofcurrentchild=\count131
\tikz@fig@count=\count132

(C:\Users\Malte\AppData\Roaming\MiKTeX\2.9\tex\generic\pgf\modules\pgfmodulemat
rix.code.tex
File: pgfmodulematrix.code.tex 2013/09/17  (rcs-revision 1.8)
\pgfmatrixcurrentrow=\count133
\pgfmatrixcurrentcolumn=\count134
\pgf@matrix@numberofcolumns=\count135
)
\tikz@expandcount=\count136

(C:\Users\Malte\AppData\Roaming\MiKTeX\2.9\tex\generic\pgf\frontendlayer\tikz\l
ibraries\tikzlibrarytopaths.code.tex
File: tikzlibrarytopaths.code.tex 2008/06/17 v3.0.1a (rcs-revision 1.2)
)))
(C:\Users\Malte\AppData\Roaming\MiKTeX\2.9\tex\latex\enumitem\enumitem.sty
Package: enumitem 2011/09/28 v3.5.2 Customized lists
\enitkv@toks@=\toks36
\labelindent=\skip114
\enit@outerparindent=\dimen191
\enit@toks=\toks37
\enit@inbox=\box46
\enitdp@description=\count137
)
("C:\Program Files\MiKTeX 2.9\tex\latex\eurosym\eurosym.sty"
Package: eurosym 1998/08/06 v1.1 European currency symbol ``Euro''
\@eurobox=\box47
)
("C:\Program Files\MiKTeX 2.9\tex\latex\amsmath\amsmath.sty"
Package: amsmath 2013/01/14 v2.14 AMS math features
\@mathmargin=\skip115

For additional information on amsmath, use the `?' option.
("C:\Program Files\MiKTeX 2.9\tex\latex\amsmath\amstext.sty"
Package: amstext 2000/06/29 v2.01

("C:\Program Files\MiKTeX 2.9\tex\latex\amsmath\amsgen.sty"
File: amsgen.sty 1999/11/30 v2.0
\@emptytoks=\toks38
\ex@=\dimen192
))
("C:\Program Files\MiKTeX 2.9\tex\latex\amsmath\amsbsy.sty"
Package: amsbsy 1999/11/29 v1.2d
\pmbraise@=\dimen193
)
("C:\Program Files\MiKTeX 2.9\tex\latex\amsmath\amsopn.sty"
Package: amsopn 1999/12/14 v2.01 operator names
)
\inf@bad=\count138
LaTeX Info: Redefining \frac on input line 210.
\uproot@=\count139
\leftroot@=\count140
LaTeX Info: Redefining \overline on input line 306.
\classnum@=\count141
\DOTSCASE@=\count142
LaTeX Info: Redefining \ldots on input line 378.
LaTeX Info: Redefining \dots on input line 381.
LaTeX Info: Redefining \cdots on input line 466.
\Mathstrutbox@=\box48
\strutbox@=\box49
\big@size=\dimen194
LaTeX Font Info:    Redeclaring font encoding OML on input line 566.
LaTeX Font Info:    Redeclaring font encoding OMS on input line 567.
\macc@depth=\count143
\c@MaxMatrixCols=\count144
\dotsspace@=\muskip10
\c@parentequation=\count145
\dspbrk@lvl=\count146
\tag@help=\toks39
\row@=\count147
\column@=\count148
\maxfields@=\count149
\andhelp@=\toks40
\eqnshift@=\dimen195
\alignsep@=\dimen196
\tagshift@=\dimen197
\tagwidth@=\dimen198
\totwidth@=\dimen199
\lineht@=\dimen200
\@envbody=\toks41
\multlinegap=\skip116
\multlinetaggap=\skip117
\mathdisplay@stack=\toks42
LaTeX Info: Redefining \[ on input line 2665.
LaTeX Info: Redefining \] on input line 2666.
)
\c@satz=\count150
\longtablewidth=\skip118

("C:\Program Files\MiKTeX 2.9\tex\latex\hyperref\hyperref.sty"
Package: hyperref 2012/11/06 v6.83m Hypertext links for LaTeX

("C:\Program Files\MiKTeX 2.9\tex\generic\oberdiek\hobsub-hyperref.sty"
Package: hobsub-hyperref 2012/04/25 v1.12 Bundle oberdiek, subset hyperref (HO)


("C:\Program Files\MiKTeX 2.9\tex\generic\oberdiek\hobsub-generic.sty"
Package: hobsub-generic 2012/04/25 v1.12 Bundle oberdiek, subset generic (HO)
Package: hobsub 2012/04/25 v1.12 Construct package bundles (HO)
Package hobsub Info: Skipping package `infwarerr' (already loaded).
Package hobsub Info: Skipping package `ltxcmds' (already loaded).
Package: ifluatex 2010/03/01 v1.3 Provides the ifluatex switch (HO)
Package ifluatex Info: LuaTeX not detected.
Package hobsub Info: Skipping package `ifvtex' (already loaded).
Package: intcalc 2007/09/27 v1.1 Expandable calculations with integers (HO)
Package hobsub Info: Skipping package `ifpdf' (already loaded).
Package: etexcmds 2011/02/16 v1.5 Avoid name clashes with e-TeX commands (HO)
Package etexcmds Info: Could not find \expanded.
(etexcmds)             That can mean that you are not using pdfTeX 1.50 or
(etexcmds)             that some package has redefined \expanded.
(etexcmds)             In the latter case, load this package earlier.
Package: kvsetkeys 2012/04/25 v1.16 Key value parser (HO)
Package: kvdefinekeys 2011/04/07 v1.3 Define keys (HO)
Package: pdftexcmds 2011/11/29 v0.20 Utility functions of pdfTeX for LuaTeX (HO
)
Package pdftexcmds Info: LuaTeX not detected.
Package pdftexcmds Info: \pdf@primitive is available.
Package pdftexcmds Info: \pdf@ifprimitive is available.
Package pdftexcmds Info: \pdfdraftmode found.
Package: pdfescape 2011/11/25 v1.13 Implements pdfTeX's escape features (HO)
Package: bigintcalc 2012/04/08 v1.3 Expandable calculations on big integers (HO
)
Package: bitset 2011/01/30 v1.1 Handle bit-vector datatype (HO)
Package: uniquecounter 2011/01/30 v1.2 Provide unlimited unique counter (HO)
)
Package hobsub Info: Skipping package `hobsub' (already loaded).
Package: letltxmacro 2010/09/02 v1.4 Let assignment for LaTeX macros (HO)
Package: hopatch 2011/06/24 v1.1 Wrapper for package hooks (HO)
Package: xcolor-patch 2011/01/30 xcolor patch
Package: atveryend 2011/06/30 v1.8 Hooks at the very end of document (HO)
Package atveryend Info: \enddocument detected (standard20110627).
Package hobsub Info: Skipping package `atbegshi' (already loaded).
Package: refcount 2011/10/16 v3.4 Data extraction from label references (HO)
Package: hycolor 2011/01/30 v1.7 Color options for hyperref/bookmark (HO)
)
("C:\Program Files\MiKTeX 2.9\tex\latex\oberdiek\auxhook.sty"
Package: auxhook 2011/03/04 v1.3 Hooks for auxiliary files (HO)
)
("C:\Program Files\MiKTeX 2.9\tex\latex\oberdiek\kvoptions.sty"
Package: kvoptions 2011/06/30 v3.11 Key value format for package options (HO)
)
\@linkdim=\dimen201
\Hy@linkcounter=\count151
\Hy@pagecounter=\count152

("C:\Program Files\MiKTeX 2.9\tex\latex\hyperref\pd1enc.def"
File: pd1enc.def 2012/11/06 v6.83m Hyperref: PDFDocEncoding definition (HO)
)
\Hy@SavedSpaceFactor=\count153

("C:\Program Files\MiKTeX 2.9\tex\latex\00miktex\hyperref.cfg"
File: hyperref.cfg 2002/06/06 v1.2 hyperref configuration of TeXLive
)
Package hyperref Info: Option `colorlinks' set `false' on input line 4319.
Package hyperref Info: Option `bookmarksopen' set `true' on input line 4319.
Package hyperref Info: Option `pdfpagelabels' set `true' on input line 4319.
Package hyperref Info: Option `colorlinks' set `true' on input line 4319.
Package hyperref Info: Hyper figures OFF on input line 4443.
Package hyperref Info: Link nesting OFF on input line 4448.
Package hyperref Info: Hyper index ON on input line 4451.
Package hyperref Info: Plain pages OFF on input line 4458.
Package hyperref Info: Backreferencing OFF on input line 4463.
Package hyperref Info: Implicit mode ON; LaTeX internals redefined.
Package hyperref Info: Bookmarks ON on input line 4688.
\c@Hy@tempcnt=\count154

(C:\Users\Malte\AppData\Roaming\MiKTeX\2.9\tex\latex\url\url.sty
\Urlmuskip=\muskip11
Package: url 2013/09/16  ver 3.4  Verb mode for urls, etc.
)
LaTeX Info: Redefining \url on input line 5041.
\XeTeXLinkMargin=\dimen202
\Fld@menulength=\count155
\Field@Width=\dimen203
\Fld@charsize=\dimen204
Package hyperref Info: Hyper figures OFF on input line 6295.
Package hyperref Info: Link nesting OFF on input line 6300.
Package hyperref Info: Hyper index ON on input line 6303.
Package hyperref Info: backreferencing OFF on input line 6310.
Package hyperref Info: Link coloring ON on input line 6313.
Package hyperref Info: Link coloring with OCG OFF on input line 6320.
Package hyperref Info: PDF/A mode OFF on input line 6325.
LaTeX Info: Redefining \ref on input line 6365.
LaTeX Info: Redefining \pageref on input line 6369.
\Hy@abspage=\count156
\c@Item=\count157
\c@Hfootnote=\count158
)

Package hyperref Message: Driver (autodetected): hpdftex.

("C:\Program Files\MiKTeX 2.9\tex\latex\hyperref\hpdftex.def"
File: hpdftex.def 2012/11/06 v6.83m Hyperref driver for pdfTeX
\Fld@listcount=\count159
\c@bookmark@seq@number=\count160

("C:\Program Files\MiKTeX 2.9\tex\latex\oberdiek\rerunfilecheck.sty"
Package: rerunfilecheck 2011/04/15 v1.7 Rerun checks for auxiliary files (HO)
Package uniquecounter Info: New unique counter `rerunfilecheck' on input line 2
82.
)
\Hy@SectionHShift=\skip119
)
("\\BRAIN42\ehemalige\Bachelor\Schindler_Vayu\FP_Anleitung_working\Anleitung TU
DD.aux"

LaTeX Warning: Label `f:4-1' multiply defined.


LaTeX Warning: Label `f4-1' multiply defined.


LaTeX Warning: Label `f4-1' multiply defined.

)
LaTeX Font Info:    Checking defaults for OML/cmm/m/it on input line 62.
LaTeX Font Info:    ... okay on input line 62.
LaTeX Font Info:    Checking defaults for T1/cmr/m/n on input line 62.
LaTeX Font Info:    ... okay on input line 62.
LaTeX Font Info:    Checking defaults for OT1/cmr/m/n on input line 62.
LaTeX Font Info:    ... okay on input line 62.
LaTeX Font Info:    Checking defaults for OMS/cmsy/m/n on input line 62.
LaTeX Font Info:    ... okay on input line 62.
LaTeX Font Info:    Checking defaults for OMX/cmex/m/n on input line 62.
LaTeX Font Info:    ... okay on input line 62.
LaTeX Font Info:    Checking defaults for U/cmr/m/n on input line 62.
LaTeX Font Info:    ... okay on input line 62.
LaTeX Font Info:    Checking defaults for TS1/cmr/m/n on input line 62.
LaTeX Font Info:    ... okay on input line 62.
LaTeX Font Info:    Checking defaults for MDA/cmr/m/n on input line 62.
LaTeX Font Info:    Try loading font information for MDA+cmr on input line 62.
 (C:\Users\Malte\AppData\Roaming\MiKTeX\2.9\tex\latex\mathdesign\mdacmr.fd
File: mdacmr.fd 
)
LaTeX Font Info:    ... okay on input line 62.
LaTeX Font Info:    Checking defaults for MDB/cmr/m/n on input line 62.
LaTeX Font Info:    Try loading font information for MDB+cmr on input line 62.

(C:\Users\Malte\AppData\Roaming\MiKTeX\2.9\tex\latex\mathdesign\mdbcmr.fd
File: mdbcmr.fd 
)
LaTeX Font Info:    ... okay on input line 62.
LaTeX Font Info:    Checking defaults for LGR/cmr/m/n on input line 62.
LaTeX Font Info:    Try loading font information for LGR+cmr on input line 62.

(C:\Users\Malte\AppData\Roaming\MiKTeX\2.9\tex\latex\cbfonts-fd\lgrcmr.fd
File: lgrcmr.fd 2016/03/04 v1.1 Greek European Computer Regular
)
LaTeX Font Info:    ... okay on input line 62.
LaTeX Font Info:    Checking defaults for PD1/pdf/m/n on input line 62.
LaTeX Font Info:    ... okay on input line 62.
LaTeX Font Info:    Try loading font information for T1+lmr on input line 62.

("C:\Program Files\MiKTeX 2.9\tex\latex\lm\t1lmr.fd"
File: t1lmr.fd 2009/10/30 v1.6 Font defs for Latin Modern
)
(C:\Users\Malte\AppData\Roaming\MiKTeX\2.9\tex\context\base\supp-pdf.mkii
[Loading MPS to PDF converter (version 2006.09.02).]
\scratchcounter=\count161
\scratchdimen=\dimen205
\scratchbox=\box50
\nofMPsegments=\count162
\nofMParguments=\count163
\everyMPshowfont=\toks43
\MPscratchCnt=\count164
\MPscratchDim=\dimen206
\MPnumerator=\count165
\makeMPintoPDFobject=\count166
\everyMPtoPDFconversion=\toks44
)
\AtBeginShipoutBox=\box51

*geometry* detected driver: dvips
*geometry* verbose mode - [ preamble ] result:
* driver: dvips
* paper: a4paper
* layout: <same size as paper>
* layoutoffset:(h,v)=(0.0pt,0.0pt)
* modes: includehead includefoot includemp 
* h-part:(L,W,R)=(56.9055pt, 497.92325pt, 42.67912pt)
* v-part:(T,H,B)=(42.67912pt, 745.46222pt, 56.9055pt)
* \paperwidth=597.50787pt
* \paperheight=845.04684pt
* \textwidth=497.92325pt
* \textheight=701.09778pt
* \oddsidemargin=-15.36449pt
* \evensidemargin=-15.36449pt
* \topmargin=-29.59087pt
* \headheight=16.56445pt
* \headsep=13.9pt
* \topskip=11.0pt
* \footskip=13.9pt
* \marginparwidth=0.0pt
* \marginparsep=0.0pt
* \columnsep=11.95013pt
* \skip\footins=10.0pt plus 4.0pt minus 2.0pt
* \hoffset=0.0pt
* \voffset=0.0pt
* \mag=1000
* \@twocolumnfalse
* \@twosidefalse
* \@mparswitchfalse
* \@reversemarginfalse
* (1in=72.27pt=25.4mm, 1cm=28.453pt)

\TUD@part@topskip=\skip120
Package caption Info: Begin \AtBeginDocument code.
Package caption Info: subfig package v1.3 is loaded.
Package caption Info: hyperref package is loaded.
Package caption Info: End \AtBeginDocument code.
Package caption Info: We need package `ragged2e' on input line 62.
(C:\Users\Malte\AppData\Roaming\MiKTeX\2.9\tex\latex\ms\ragged2e.sty
Package: ragged2e 2009/05/21 v2.1 ragged2e Package (MS)

(C:\Users\Malte\AppData\Roaming\MiKTeX\2.9\tex\latex\ms\everysel.sty
Package: everysel 2011/10/28 v1.2 EverySelectfont Package (MS)

ABD: EverySelectfont initializing macros
LaTeX Info: Redefining \selectfont on input line 126.
)
\CenteringLeftskip=\skip121
\RaggedLeftLeftskip=\skip122
\RaggedRightLeftskip=\skip123
\CenteringRightskip=\skip124
\RaggedLeftRightskip=\skip125
\RaggedRightRightskip=\skip126
\CenteringParfillskip=\skip127
\RaggedLeftParfillskip=\skip128
\RaggedRightParfillskip=\skip129
\JustifyingParfillskip=\skip130
\CenteringParindent=\skip131
\RaggedLeftParindent=\skip132
\RaggedRightParindent=\skip133
\JustifyingParindent=\skip134
)
ABD: EveryShipout initializing macros
Package hyperref Info: Link coloring ON on input line 62.

("C:\Program Files\MiKTeX 2.9\tex\latex\hyperref\nameref.sty"
Package: nameref 2012/10/27 v2.43 Cross-referencing by name of section

("C:\Program Files\MiKTeX 2.9\tex\generic\oberdiek\gettitlestring.sty"
Package: gettitlestring 2010/12/03 v1.4 Cleanup title references (HO)
)
\c@section@level=\count167
)
LaTeX Info: Redefining \ref on input line 62.
LaTeX Info: Redefining \pageref on input line 62.
LaTeX Info: Redefining \nameref on input line 62.

("\\BRAIN42\ehemalige\Bachelor\Schindler_Vayu\FP_Anleitung_working\Anleitung TU
DD.out")
("\\BRAIN42\ehemalige\Bachelor\Schindler_Vayu\FP_Anleitung_working\Anleitung TU
DD.out")
\@outlinefile=\write4
\@TUD@tmp@baselineskip=\skip135
\TUD@titleboxheight=\skip136
\TUD@titleboxdepth=\skip137
\TUD@subtitleboxheight=\skip138
\TUD@subtitleboxdepth=\skip139
\TUD@logoboxheight=\skip140
\TUD@logoboxwidth=\skip141
\TUD@colorbackheight=\skip142
\TUD@colorbacktitleheight=\skip143
\TUD@instboxheight=\skip144
\TUD@instboxdepth=\skip145
\TUD@instboxwidth=\skip146
\TUD@instlogoheight=\skip147
\TUD@instlogowidth=\skip148
\TUD@sponsorheight=\skip149
\TUD@titlebox=\box52
\TUD@subtitlebox=\box53
\TUD@logobox=\box54
\TUD@instbox=\box55
\TUD@sponsorbox=\box56
\TUD@tmp@height=\skip150
\TUD@tmp@depth=\skip151
LaTeX Font Info:    Try loading font information for T1+lmss on input line 64.
 ("C:\Program Files\MiKTeX 2.9\tex\latex\lm\t1lmss.fd"
File: t1lmss.fd 2009/10/30 v1.6 Font defs for Latin Modern
)

LaTeX Font Warning: Font shape `T1/lmss/mb/n' undefined
(Font)              using `T1/lmss/m/n' instead on input line 64.

LaTeX Font Info:    Try loading font information for OT1+lmr on input line 64.
("C:\Program Files\MiKTeX 2.9\tex\latex\lm\ot1lmr.fd"
File: ot1lmr.fd 2009/10/30 v1.6 Font defs for Latin Modern
)
LaTeX Font Info:    Try loading font information for OML+lmm on input line 64.

("C:\Program Files\MiKTeX 2.9\tex\latex\lm\omllmm.fd"
File: omllmm.fd 2009/10/30 v1.6 Font defs for Latin Modern
)
LaTeX Font Info:    Try loading font information for OMS+lmsy on input line 64.


("C:\Program Files\MiKTeX 2.9\tex\latex\lm\omslmsy.fd"
File: omslmsy.fd 2009/10/30 v1.6 Font defs for Latin Modern
)
LaTeX Font Info:    Try loading font information for OMX+lmex on input line 64.


("C:\Program Files\MiKTeX 2.9\tex\latex\lm\omxlmex.fd"
File: omxlmex.fd 2009/10/30 v1.6 Font defs for Latin Modern
)
LaTeX Font Info:    External font `lmex10' loaded for size
(Font)              <11.5> on input line 64.
LaTeX Font Info:    External font `lmex10' loaded for size
(Font)              <8.0> on input line 64.
LaTeX Font Info:    External font `lmex10' loaded for size
(Font)              <6.9> on input line 64.
LaTeX Font Info:    Try loading font information for OMS+mdbch on input line 64
.

(C:\Users\Malte\AppData\Roaming\MiKTeX\2.9\tex\latex\mathdesign\mdbch\omsmdbch.
fd
File: omsmdbch.fd 2013/08/29 Fontinst v1.933 font definitions for OMS/mdbch.
)
LaTeX Font Info:    Font shape `OMS/mdbch/m/n' will be
(Font)              scaled to size 11.04007pt on input line 64.
LaTeX Font Info:    Font shape `OMS/mdbch/m/n' will be
(Font)              scaled to size 7.68005pt on input line 64.
LaTeX Font Info:    Font shape `OMS/mdbch/m/n' will be
(Font)              scaled to size 6.62404pt on input line 64.
LaTeX Font Info:    Try loading font information for OML+mdbch on input line 64
.

(C:\Users\Malte\AppData\Roaming\MiKTeX\2.9\tex\latex\mathdesign\mdbch\omlmdbch.
fd
File: omlmdbch.fd 2013/08/29 Fontinst v1.933 font definitions for OML/mdbch.
)
LaTeX Font Info:    Font shape `OML/mdbch/m/n' will be
(Font)              scaled to size 11.04007pt on input line 64.
LaTeX Font Info:    Font shape `OML/mdbch/m/n' will be
(Font)              scaled to size 7.68005pt on input line 64.
LaTeX Font Info:    Font shape `OML/mdbch/m/n' will be
(Font)              scaled to size 6.62404pt on input line 64.
LaTeX Font Info:    Try loading font information for MDA+mdbch on input line 64
.

(C:\Users\Malte\AppData\Roaming\MiKTeX\2.9\tex\latex\mathdesign\mdbch\mdamdbch.
fd
File: mdamdbch.fd 2013/08/29 Fontinst v1.933 font definitions for MDA/mdbch.
)
LaTeX Font Info:    Font shape `MDA/mdbch/m/n' will be
(Font)              scaled to size 11.04007pt on input line 64.
LaTeX Font Info:    Font shape `MDA/mdbch/m/n' will be
(Font)              scaled to size 7.68005pt on input line 64.
LaTeX Font Info:    Font shape `MDA/mdbch/m/n' will be
(Font)              scaled to size 6.62404pt on input line 64.
LaTeX Font Info:    Try loading font information for MDB+mdbch on input line 64
.

(C:\Users\Malte\AppData\Roaming\MiKTeX\2.9\tex\latex\mathdesign\mdbch\mdbmdbch.
fd
File: mdbmdbch.fd 2013/08/29 Fontinst v1.933 font definitions for MDB/mdbch.
)
LaTeX Font Info:    Font shape `MDB/mdbch/m/n' will be
(Font)              scaled to size 11.04007pt on input line 64.
LaTeX Font Info:    Font shape `MDB/mdbch/m/n' will be
(Font)              scaled to size 7.68005pt on input line 64.
LaTeX Font Info:    Font shape `MDB/mdbch/m/n' will be
(Font)              scaled to size 6.62404pt on input line 64.
LaTeX Font Info:    Try loading font information for OML+mdput on input line 64
.

(C:\Users\Malte\AppData\Roaming\MiKTeX\2.9\tex\latex\mathdesign\mdput\omlmdput.
fd
File: omlmdput.fd 2013/08/29 Fontinst v1.933 font definitions for OML/mdput.
)
LaTeX Font Info:    Font shape `OML/mdput/m/it' will be
(Font)              scaled to size 10.81003pt on input line 64.
LaTeX Font Info:    Font shape `OML/mdput/m/it' will be
(Font)              scaled to size 7.52002pt on input line 64.
LaTeX Font Info:    Font shape `OML/mdput/m/it' will be
(Font)              scaled to size 6.48601pt on input line 64.
\@TUD@titlelines=\count168
 <tud_logo.pdf, id=137, 157.58875pt x 63.23625pt>
File: tud_logo.pdf Graphic file (type pdf)
 <use tud_logo.pdf>
Package pdftex.def Info: tud_logo.pdf used on input line 64.
(pdftex.def)             Requested size: 134.92238pt x 62.59605pt.
File: tud_logo.pdf Graphic file (type pdf)

<use tud_logo.pdf>
Package pdftex.def Info: tud_logo.pdf used on input line 64.
(pdftex.def)             Requested size: 134.92238pt x 62.59605pt.
 <Bilder/g.jpg, id=140, 856.19875pt x 855.195pt>
File: Bilder/g.jpg Graphic file (type jpg)

<use Bilder/g.jpg>
Package pdftex.def Info: Bilder/g.jpg used on input line 64.
(pdftex.def)             Requested size: 856.19666pt x 855.19293pt.
 [0
Non-PDF special ignored!


Non-PDF special ignored!{C:/Users/Malte/AppData/Local/MiKTeX/2.9/pdftex/config/
pdftex.map} <//BRAIN42/ehemalige/Bachelor/Schindler_Vayu/FP_Anleitung_working/B
ilder/g.jpg> <C:/Program Files/tuddesign/tex/latex/tuddesign/logo/tud_logo.pdf>
] <Bilder/RA.jpg, id=154, 2330.7075pt x 3499.0725pt>
File: Bilder/RA.jpg Graphic file (type jpg)
 <use Bilder/RA.jpg>
Package pdftex.def Info: Bilder/RA.jpg used on input line 65.
(pdftex.def)             Requested size: 465.7417pt x 699.21481pt.

Underfull \vbox (badness 10000) has occurred while \output is active []

 [1


 <//BRAIN42/ehemalige/Bachelor/Schindler_Vayu/FP_Anleitung_working/Bilder/RA.jp
g>]
("\\BRAIN42\ehemalige\Bachelor\Schindler_Vayu\FP_Anleitung_working\Anleitung TU
DD.toc")
\tf@toc=\write5
 [2]
LaTeX Font Info:    Try loading font information for TS1+lmr on input line 79.
 ("C:\Program Files\MiKTeX 2.9\tex\latex\lm\ts1lmr.fd"
File: ts1lmr.fd 2009/10/30 v1.6 Font defs for Latin Modern
)
LaTeX Font Info:    Try loading font information for T1+lmtt on input line 88.

("C:\Program Files\MiKTeX 2.9\tex\latex\lm\t1lmtt.fd"
File: t1lmtt.fd 2009/10/30 v1.6 Font defs for Latin Modern
)
Overfull \hbox (11.95354pt too wide) in paragraph at lines 102--103
$\T1/lmtt/m/n/11 phys _ studium / phys _ studium _ bachelor / phys _ studium _ 
bsc _ praktika / fpspielregeln . pdf$[][] \T1/lmr/m/n/11 ent-nom-
 []

[3]
Underfull \hbox (badness 10000) in paragraph at lines 130--131

 []


Underfull \hbox (badness 10000) in paragraph at lines 148--149

 []

[4] [5]
Underfull \hbox (badness 10000) in paragraph at lines 220--223

 []

<Bilder/GUE3.jpg, id=243, 4143.48pt x 1999.47pt>
File: Bilder/GUE3.jpg Graphic file (type jpg)
 <use Bilder/GUE3.jpg>
Package pdftex.def Info: Bilder/GUE3.jpg used on input line 226.
(pdftex.def)             Requested size: 481.80176pt x 232.48175pt.

<Bilder/TZ2.jpg, id=245, 2155.05125pt x 876.27374pt>
File: Bilder/TZ2.jpg Graphic file (type jpg)
 <use Bilder/TZ2.jpg>
Package pdftex.def Info: Bilder/TZ2.jpg used on input line 235.
(pdftex.def)             Requested size: 481.80176pt x 195.89622pt.

Underfull \hbox (badness 10000) in paragraph at lines 240--242

 []


Underfull \vbox (badness 5592) has occurred while \output is active []

 [6 <//BRAIN42/ehemalige/Bachelor/Schindler_Vayu/FP_Anleitung_working/Bilder/GU
E3.jpg> <//BRAIN42/ehemalige/Bachelor/Schindler_Vayu/FP_Anleitung_working/Bilde
r/TZ2.jpg>]
<Bilder/Rack2.jpg, id=255, 5121.1325pt x 4135.45pt>
File: Bilder/Rack2.jpg Graphic file (type jpg)
 <use Bilder/Rack2.jpg>
Package pdftex.def Info: Bilder/Rack2.jpg used on input line 245.
(pdftex.def)             Requested size: 481.80176pt x 389.02263pt.

Underfull \hbox (badness 10000) in paragraph at lines 250--253

 []


Overfull \hbox (1.26045pt too wide) in paragraph at lines 259--260
[][] 
 []


Underfull \hbox (badness 10000) in paragraph at lines 259--260

 []


Underfull \vbox (badness 10000) has occurred while \output is active []

 [7 <//BRAIN42/ehemalige/Bachelor/Schindler_Vayu/FP_Anleitung_working/Bilder/Ra
ck2.jpg>]
Underfull \hbox (badness 10000) in paragraph at lines 261--262

 []

<Bilder/Kaestchen/SL.jpg, id=263, 40.15pt x 40.15pt>
File: Bilder/Kaestchen/SL.jpg Graphic file (type jpg)

<use Bilder/Kaestchen/SL.jpg>
Package pdftex.def Info: Bilder/Kaestchen/SL.jpg used on input line 270.
(pdftex.def)             Requested size: 8.03003pt x 8.02985pt.

<Bilder/Kaestchen/SM.jpg, id=264, 40.15pt x 40.15pt>
File: Bilder/Kaestchen/SM.jpg Graphic file (type jpg)

<use Bilder/Kaestchen/SM.jpg>
Package pdftex.def Info: Bilder/Kaestchen/SM.jpg used on input line 270.
(pdftex.def)             Requested size: 8.03003pt x 8.02985pt.

<Bilder/Kaestchen/ST.jpg, id=266, 40.15pt x 40.15pt>
File: Bilder/Kaestchen/ST.jpg Graphic file (type jpg)

<use Bilder/Kaestchen/ST.jpg>
Package pdftex.def Info: Bilder/Kaestchen/ST.jpg used on input line 271.
(pdftex.def)             Requested size: 8.03003pt x 8.02985pt.

<Bilder/Kaestchen/RD.jpg, id=267, 40.15pt x 40.15pt>
File: Bilder/Kaestchen/RD.jpg Graphic file (type jpg)

<use Bilder/Kaestchen/RD.jpg>
Package pdftex.def Info: Bilder/Kaestchen/RD.jpg used on input line 271.
(pdftex.def)             Requested size: 8.03003pt x 8.02985pt.

<Bilder/Kaestchen/PD.jpg, id=269, 40.15pt x 40.15pt>
File: Bilder/Kaestchen/PD.jpg Graphic file (type jpg)

<use Bilder/Kaestchen/PD.jpg>
Package pdftex.def Info: Bilder/Kaestchen/PD.jpg used on input line 272.
(pdftex.def)             Requested size: 8.03003pt x 8.02985pt.

<Bilder/Kaestchen/UK.jpg, id=270, 40.15pt x 40.15pt>
File: Bilder/Kaestchen/UK.jpg Graphic file (type jpg)

<use Bilder/Kaestchen/UK.jpg>
Package pdftex.def Info: Bilder/Kaestchen/UK.jpg used on input line 272.
(pdftex.def)             Requested size: 8.03003pt x 8.02985pt.

<Bilder/Kaestchen/LH.jpg, id=272, 40.15pt x 40.15pt>
File: Bilder/Kaestchen/LH.jpg Graphic file (type jpg)

<use Bilder/Kaestchen/LH.jpg>
Package pdftex.def Info: Bilder/Kaestchen/LH.jpg used on input line 273.
(pdftex.def)             Requested size: 8.03003pt x 8.02985pt.

<Bilder/Kaestchen/LV.jpg, id=273, 40.15pt x 40.15pt>
File: Bilder/Kaestchen/LV.jpg Graphic file (type jpg)

<use Bilder/Kaestchen/LV.jpg>
Package pdftex.def Info: Bilder/Kaestchen/LV.jpg used on input line 273.
(pdftex.def)             Requested size: 8.03003pt x 8.02985pt.

<Bilder/Kaestchen/LN.jpg, id=275, 40.15pt x 40.15pt>
File: Bilder/Kaestchen/LN.jpg Graphic file (type jpg)

<use Bilder/Kaestchen/LN.jpg>
Package pdftex.def Info: Bilder/Kaestchen/LN.jpg used on input line 274.
(pdftex.def)             Requested size: 8.03003pt x 8.02985pt.

<Bilder/Kaestchen/RL.jpg, id=277, 40.15pt x 40.15pt>
File: Bilder/Kaestchen/RL.jpg Graphic file (type jpg)

<use Bilder/Kaestchen/RL.jpg>
Package pdftex.def Info: Bilder/Kaestchen/RL.jpg used on input line 284.
(pdftex.def)             Requested size: 8.03003pt x 8.02985pt.

<Bilder/Kaestchen/SLS.jpg, id=279, 40.15pt x 40.15pt>
File: Bilder/Kaestchen/SLS.jpg Graphic file (type jpg)

<use Bilder/Kaestchen/SLS.jpg>
Package pdftex.def Info: Bilder/Kaestchen/SLS.jpg used on input line 285.
(pdftex.def)             Requested size: 8.03003pt x 8.02985pt.

<Bilder/Kaestchen/OL.jpg, id=281, 40.15pt x 40.15pt>
File: Bilder/Kaestchen/OL.jpg Graphic file (type jpg)

<use Bilder/Kaestchen/OL.jpg>
Package pdftex.def Info: Bilder/Kaestchen/OL.jpg used on input line 286.
(pdftex.def)             Requested size: 8.03003pt x 8.02985pt.
File: Bilder/Kaestchen/RL.jpg Graphic file (type jpg)
 <use Bilder/Kaestchen/RL.jpg>
Package pdftex.def Info: Bilder/Kaestchen/RL.jpg used on input line 287.
(pdftex.def)             Requested size: 8.03003pt x 8.02985pt.
File: Bilder/Kaestchen/SLS.jpg Graphic file (type jpg)

<use Bilder/Kaestchen/SLS.jpg>
Package pdftex.def Info: Bilder/Kaestchen/SLS.jpg used on input line 288.
(pdftex.def)             Requested size: 8.03003pt x 8.02985pt.

<Bilder/Kaestchen/ML.jpg, id=285, 40.15pt x 40.15pt>
File: Bilder/Kaestchen/ML.jpg Graphic file (type jpg)

<use Bilder/Kaestchen/ML.jpg>
Package pdftex.def Info: Bilder/Kaestchen/ML.jpg used on input line 289.
(pdftex.def)             Requested size: 8.03003pt x 8.02985pt.

<Bilder/Kaestchen/AS.jpg, id=287, 40.15pt x 40.15pt>
File: Bilder/Kaestchen/AS.jpg Graphic file (type jpg)

<use Bilder/Kaestchen/AS.jpg>
Package pdftex.def Info: Bilder/Kaestchen/AS.jpg used on input line 290.
(pdftex.def)             Requested size: 8.03003pt x 8.02985pt.

<Bilder/Kaestchen/AM.jpg, id=289, 40.15pt x 40.15pt>
File: Bilder/Kaestchen/AM.jpg Graphic file (type jpg)

<use Bilder/Kaestchen/AM.jpg>
Package pdftex.def Info: Bilder/Kaestchen/AM.jpg used on input line 292.
(pdftex.def)             Requested size: 8.03003pt x 8.02985pt.
 <Bilder/AEGB.jpg, id=291, 4143.48pt x 1999.47pt>
File: Bilder/AEGB.jpg Graphic file (type jpg)

<use Bilder/AEGB.jpg>
Package pdftex.def Info: Bilder/AEGB.jpg used on input line 302.
(pdftex.def)             Requested size: 481.80176pt x 232.48175pt.

Underfull \hbox (badness 10000) in paragraph at lines 309--310

 []

[8 <//BRAIN42/ehemalige/Bachelor/Schindler_Vayu/FP_Anleitung_working/Bilder/Kae
stchen/SL.jpg> <//BRAIN42/ehemalige/Bachelor/Schindler_Vayu/FP_Anleitung_workin
g/Bilder/Kaestchen/SM.jpg> <//BRAIN42/ehemalige/Bachelor/Schindler_Vayu/FP_Anle
itung_working/Bilder/Kaestchen/ST.jpg> <//BRAIN42/ehemalige/Bachelor/Schindler_
Vayu/FP_Anleitung_working/Bilder/Kaestchen/RD.jpg> <//BRAIN42/ehemalige/Bachelo
r/Schindler_Vayu/FP_Anleitung_working/Bilder/Kaestchen/PD.jpg> <//BRAIN42/ehema
lige/Bachelor/Schindler_Vayu/FP_Anleitung_working/Bilder/Kaestchen/UK.jpg> <//B
RAIN42/ehemalige/Bachelor/Schindler_Vayu/FP_Anleitung_working/Bilder/Kaestchen/
LH.jpg> <//BRAIN42/ehemalige/Bachelor/Schindler_Vayu/FP_Anleitung_working/Bilde
r/Kaestchen/LV.jpg> <//BRAIN42/ehemalige/Bachelor/Schindler_Vayu/FP_Anleitung_w
orking/Bilder/Kaestchen/LN.jpg> <//BRAIN42/ehemalige/Bachelor/Schindler_Vayu/FP
_Anleitung_working/Bilder/Kaestchen/RL.jpg> <//BRAIN42/ehemalige/Bachelor/Schin
dler_Vayu/FP_Anleitung_working/Bilder/Kaestchen/SLS.jpg> <//BRAIN42/ehemalige/B
achelor/Schindler_Vayu/FP_Anleitung_working/Bilder/Kaestchen/OL.jpg> <//BRAIN42
/ehemalige/Bachelor/Schindler_Vayu/FP_Anleitung_working/Bilder/Kaestchen/ML.jpg
> <//BRAIN42/ehemalige/Bachelor/Schindler_Vayu/FP_Anleitung_working/Bilder/Kaes
tchen/AS.jpg> <//BRAIN42/ehemalige/Bachelor/Schindler_Vayu/FP_Anleitung_working
/Bilder/Kaestchen/AM.jpg> <//BRAIN42/ehemalige/Bachelor/Schindler_Vayu/FP_Anlei
tung_working/Bilder/AEGB.jpg>]
<Bilder/ES2.jpg, id=311, 1836.8625pt x 1376.14125pt>
File: Bilder/ES2.jpg Graphic file (type jpg)
 <use Bilder/ES2.jpg>
Package pdftex.def Info: Bilder/ES2.jpg used on input line 313.
(pdftex.def)             Requested size: 481.80176pt x 360.95901pt.

[9 <//BRAIN42/ehemalige/Bachelor/Schindler_Vayu/FP_Anleitung_working/Bilder/ES2
.jpg>]
Underfull \hbox (badness 10000) in paragraph at lines 324--329

 []


Overfull \hbox (1.26045pt too wide) in paragraph at lines 334--335
[][] 
 []


Underfull \hbox (badness 10000) in paragraph at lines 334--335

 []

<Bilder/AOM2.pdf, id=320, 1725.44624pt x 605.26125pt>
File: Bilder/AOM2.pdf Graphic file (type pdf)
 <use Bilder/AOM2.pdf>
Package pdftex.def Info: Bilder/AOM2.pdf used on input line 338.
(pdftex.def)             Requested size: 481.80176pt x 169.00098pt.

[10 <//BRAIN42/ehemalige/Bachelor/Schindler_Vayu/FP_Anleitung_working/Bilder/AO
M2.pdf>]
Underfull \hbox (badness 10000) in paragraph at lines 348--354

 []


Overfull \hbox (1.26045pt too wide) in paragraph at lines 359--360
[][] 
 []


Underfull \hbox (badness 10000) in paragraph at lines 359--360

 []

<Bilder/LVPT.jpg, id=341, 1707.37875pt x 903.375pt>
File: Bilder/LVPT.jpg Graphic file (type jpg)
 <use Bilder/LVPT.jpg>
Package pdftex.def Info: Bilder/LVPT.jpg used on input line 363.
(pdftex.def)             Requested size: 481.80176pt x 254.91444pt.

[11 <//BRAIN42/ehemalige/Bachelor/Schindler_Vayu/FP_Anleitung_working/Bilder/LV
PT.jpg>]
Underfull \hbox (badness 10000) in paragraph at lines 373--376

 []


Overfull \hbox (1.26045pt too wide) in paragraph at lines 381--382
[][] 
 []


Underfull \hbox (badness 10000) in paragraph at lines 381--382

 []

<Bilder/DP.jpg, id=351, 1679.27374pt x 693.59125pt>
File: Bilder/DP.jpg Graphic file (type jpg)
 <use Bilder/DP.jpg>
Package pdftex.def Info: Bilder/DP.jpg used on input line 385.
(pdftex.def)             Requested size: 481.80176pt x 198.99847pt.

[12 <//BRAIN42/ehemalige/Bachelor/Schindler_Vayu/FP_Anleitung_working/Bilder/DP
.jpg>]
Underfull \hbox (badness 10000) in paragraph at lines 395--398

 []

<Bilder/PDI.jpg, id=364, 1476.51625pt x 498.86375pt>
File: Bilder/PDI.jpg Graphic file (type jpg)
 <use Bilder/PDI.jpg>
Package pdftex.def Info: Bilder/PDI.jpg used on input line 401.
(pdftex.def)             Requested size: 481.80176pt x 162.78343pt.

Underfull \hbox (badness 10000) in paragraph at lines 411--413

 []

[13 <//BRAIN42/ehemalige/Bachelor/Schindler_Vayu/FP_Anleitung_working/Bilder/PD
I.jpg>]
Underfull \hbox (badness 10000) in paragraph at lines 416--417

 []


Underfull \hbox (badness 10000) in paragraph at lines 418--419

 []

<Bilder/IGP.jpg, id=373, 2170.1075pt x 1583.9175pt>
File: Bilder/IGP.jpg Graphic file (type jpg)
 <use Bilder/IGP.jpg>
Package pdftex.def Info: Bilder/IGP.jpg used on input line 422.
(pdftex.def)             Requested size: 481.80176pt x 351.65318pt.

[14 <//BRAIN42/ehemalige/Bachelor/Schindler_Vayu/FP_Anleitung_working/Bilder/IG
P.jpg>]
Underfull \hbox (badness 10000) in paragraph at lines 431--437

 []

<Bilder/PID.jpg, id=381, 2012.51875pt x 712.6625pt>
File: Bilder/PID.jpg Graphic file (type jpg)
 <use Bilder/PID.jpg>
Package pdftex.def Info: Bilder/PID.jpg used on input line 440.
(pdftex.def)             Requested size: 481.80176pt x 170.60751pt.

[15 <//BRAIN42/ehemalige/Bachelor/Schindler_Vayu/FP_Anleitung_working/Bilder/PI
D.jpg>]
Underfull \hbox (badness 10000) in paragraph at lines 452--456

 []


Underfull \hbox (badness 10000) in paragraph at lines 459--463

 []


Overfull \hbox (1.26045pt too wide) in paragraph at lines 468--469
[][] 
 []


Underfull \hbox (badness 10000) in paragraph at lines 468--469

 []

<Bilder/LLA2.jpg, id=391, 4867.18375pt x 2885.78125pt>
File: Bilder/LLA2.jpg Graphic file (type jpg)
 <use Bilder/LLA2.jpg>
Package pdftex.def Info: Bilder/LLA2.jpg used on input line 472.
(pdftex.def)             Requested size: 481.80176pt x 285.64479pt.

[16]
Underfull \hbox (badness 10000) in paragraph at lines 481--486

 []

<Bilder/DSS.jpg, id=399, 673.51625pt x 272.01625pt>
File: Bilder/DSS.jpg Graphic file (type jpg)
 <use Bilder/DSS.jpg>
Package pdftex.def Info: Bilder/DSS.jpg used on input line 489.
(pdftex.def)             Requested size: 321.20117pt x 129.72372pt.

Underfull \vbox (badness 10000) has occurred while \output is active []

 [17 <//BRAIN42/ehemalige/Bachelor/Schindler_Vayu/FP_Anleitung_working/Bilder/L
LA2.jpg>]
[18 <//BRAIN42/ehemalige/Bachelor/Schindler_Vayu/FP_Anleitung_working/Bilder/DS
S.jpg>] <Bilder/SK.jpg, id=415, 1145.27875pt x 715.67375pt>
File: Bilder/SK.jpg Graphic file (type jpg)

<use Bilder/SK.jpg>
Package pdftex.def Info: Bilder/SK.jpg used on input line 544.
(pdftex.def)             Requested size: 351.31378pt x 219.53055pt.
 [19 <//BRAIN42/ehemalige/Bachelor/Schindler_Vayu/FP_Anleitung_working/Bilder/S
K.jpg>]

LaTeX Warning: Command \" invalid in math mode on input line 580.

<Bilder/MOTSS.jpg, id=427, 859.21pt x 697.60625pt>
File: Bilder/MOTSS.jpg Graphic file (type jpg)
 <use Bilder/MOTSS.jpg>
Package pdftex.def Info: Bilder/MOTSS.jpg used on input line 590.
(pdftex.def)             Requested size: 351.31378pt x 285.24335pt.

[20] [21 <//BRAIN42/ehemalige/Bachelor/Schindler_Vayu/FP_Anleitung_working/Bild
er/MOTSS.jpg>]
Underfull \hbox (badness 10000) in paragraph at lines 633--634

 []

<Bilder/FA.jpg, id=452, 1143.27126pt x 674.52pt>
File: Bilder/FA.jpg Graphic file (type jpg)
 <use Bilder/FA.jpg>
Package pdftex.def Info: Bilder/FA.jpg used on input line 637.
(pdftex.def)             Requested size: 351.31378pt x 207.267pt.

Overfull \hbox (1.26045pt too wide) in paragraph at lines 646--647
[][] 
 []


Underfull \hbox (badness 10000) in paragraph at lines 646--647

 []

[22 <//BRAIN42/ehemalige/Bachelor/Schindler_Vayu/FP_Anleitung_working/Bilder/FA
.jpg>]
Underfull \hbox (badness 10000) in paragraph at lines 650--662

 []

<Bilder/TS_korrigiert.jpg, id=466, 1565.85pt x 886.31125pt>
File: Bilder/TS_korrigiert.jpg Graphic file (type jpg)

<use Bilder/TS_korrigiert.jpg>
Package pdftex.def Info: Bilder/TS_korrigiert.jpg used on input line 666.
(pdftex.def)             Requested size: 481.80176pt x 272.71152pt.

<Bilder/SCO.jpg, id=467, 651.43375pt x 412.54124pt>
File: Bilder/SCO.jpg Graphic file (type jpg)
 <use Bilder/SCO.jpg>
Package pdftex.def Info: Bilder/SCO.jpg used on input line 674.
(pdftex.def)             Requested size: 481.80176pt x 305.12466pt.

[23]

LaTeX Warning: Text page 24 contains only floats.

[24 <//BRAIN42/ehemalige/Bachelor/Schindler_Vayu/FP_Anleitung_working/Bilder/TS
_korrigiert.jpg> <//BRAIN42/ehemalige/Bachelor/Schindler_Vayu/FP_Anleitung_work
ing/Bilder/SCO.jpg>] [25]
("\\BRAIN42\ehemalige\Bachelor\Schindler_Vayu\FP_Anleitung_working\Anleitung TU
DD.bbl") [26] <Bilder/SL.jpg, id=498, 4143.48pt x 1999.47pt>
File: Bilder/SL.jpg Graphic file (type jpg)

<use Bilder/SL.jpg>
Package pdftex.def Info: Bilder/SL.jpg used on input line 753.
(pdftex.def)             Requested size: 481.80176pt x 232.48175pt.

Underfull \hbox (badness 10000) in paragraph at lines 758--761

 []


Underfull \hbox (badness 10000) in paragraph at lines 758--761

 []


Underfull \hbox (badness 10000) in paragraph at lines 758--761

 []

<Bilder/ST.jpg, id=499, 4143.48pt x 1999.47pt>
File: Bilder/ST.jpg Graphic file (type jpg)
 <use Bilder/ST.jpg>
Package pdftex.def Info: Bilder/ST.jpg used on input line 765.
(pdftex.def)             Requested size: 481.80176pt x 232.48175pt.

<Bilder/PDUK.jpg, id=500, 4143.48pt x 1999.47pt>
File: Bilder/PDUK.jpg Graphic file (type jpg)
 <use Bilder/PDUK.jpg>
Package pdftex.def Info: Bilder/PDUK.jpg used on input line 773.
(pdftex.def)             Requested size: 481.80176pt x 232.48175pt.

<Bilder/LHLV.jpg, id=501, 4143.48pt x 1999.47pt>
File: Bilder/LHLV.jpg Graphic file (type jpg)
 <use Bilder/LHLV.jpg>
Package pdftex.def Info: Bilder/LHLV.jpg used on input line 780.
(pdftex.def)             Requested size: 481.80176pt x 232.48175pt.

<Bilder/LN.jpg, id=502, 4143.48pt x 1999.47pt>
File: Bilder/LN.jpg Graphic file (type jpg)
 <use Bilder/LN.jpg>
Package pdftex.def Info: Bilder/LN.jpg used on input line 787.
(pdftex.def)             Requested size: 481.80176pt x 232.48175pt.

<Bilder/SPM.jpg, id=503, 4143.48pt x 1999.47pt>
File: Bilder/SPM.jpg Graphic file (type jpg)
 <use Bilder/SPM.jpg>
Package pdftex.def Info: Bilder/SPM.jpg used on input line 794.
(pdftex.def)             Requested size: 481.80176pt x 232.48175pt.

<Bilder/SPS.jpg, id=504, 4143.48pt x 1999.47pt>
File: Bilder/SPS.jpg Graphic file (type jpg)
 <use Bilder/SPS.jpg>
Package pdftex.def Info: Bilder/SPS.jpg used on input line 801.
(pdftex.def)             Requested size: 481.80176pt x 232.48175pt.

<Bilder/OFL.jpg, id=505, 4143.48pt x 1999.47pt>
File: Bilder/OFL.jpg Graphic file (type jpg)
 <use Bilder/OFL.jpg>
Package pdftex.def Info: Bilder/OFL.jpg used on input line 808.
(pdftex.def)             Requested size: 481.80176pt x 232.48175pt.

<Bilder/MM.jpg, id=506, 4143.48pt x 1999.47pt>
File: Bilder/MM.jpg Graphic file (type jpg)
 <use Bilder/MM.jpg>
Package pdftex.def Info: Bilder/MM.jpg used on input line 815.
(pdftex.def)             Requested size: 481.80176pt x 232.48175pt.

<Bilder/SZM.jpg, id=507, 4143.48pt x 1999.47pt>
File: Bilder/SZM.jpg Graphic file (type jpg)
 <use Bilder/SZM.jpg>
Package pdftex.def Info: Bilder/SZM.jpg used on input line 822.
(pdftex.def)             Requested size: 481.80176pt x 232.48175pt.
 [27 <//BRAIN42/ehemalige/Bachelor/Schindler_Vayu/FP_Anleitung_working/Bilder/S
L.jpg> <//BRAIN42/ehemalige/Bachelor/Schindler_Vayu/FP_Anleitung_working/Bilder
/ST.jpg>]
[28 <//BRAIN42/ehemalige/Bachelor/Schindler_Vayu/FP_Anleitung_working/Bilder/PD
UK.jpg> <//BRAIN42/ehemalige/Bachelor/Schindler_Vayu/FP_Anleitung_working/Bilde
r/LHLV.jpg>] [29 <//BRAIN42/ehemalige/Bachelor/Schindler_Vayu/FP_Anleitung_work
ing/Bilder/LN.jpg> <//BRAIN42/ehemalige/Bachelor/Schindler_Vayu/FP_Anleitung_wo
rking/Bilder/SPM.jpg>] [30 <//BRAIN42/ehemalige/Bachelor/Schindler_Vayu/FP_Anle
itung_working/Bilder/SPS.jpg> <//BRAIN42/ehemalige/Bachelor/Schindler_Vayu/FP_A
nleitung_working/Bilder/OFL.jpg>] [31 <//BRAIN42/ehemalige/Bachelor/Schindler_V
ayu/FP_Anleitung_working/Bilder/MM.jpg> <//BRAIN42/ehemalige/Bachelor/Schindler
_Vayu/FP_Anleitung_working/Bilder/SZM.jpg>]
Underfull \hbox (badness 10000) in paragraph at lines 829--830

 []

<Bilder/MOTSTG.jpg, id=529, 4143.48pt x 1999.47pt>
File: Bilder/MOTSTG.jpg Graphic file (type jpg)
 <use Bilder/MOTSTG.jpg>
Package pdftex.def Info: Bilder/MOTSTG.jpg used on input line 833.
(pdftex.def)             Requested size: 481.80176pt x 232.48175pt.

Underfull \hbox (badness 10000) in paragraph at lines 838--841

 []


Underfull \hbox (badness 10000) in paragraph at lines 838--841

 []


Underfull \hbox (badness 10000) in paragraph at lines 838--841

 []

<Bilder/STGK.jpg, id=530, 4143.48pt x 1999.47pt>
File: Bilder/STGK.jpg Graphic file (type jpg)
 <use Bilder/STGK.jpg>
Package pdftex.def Info: Bilder/STGK.jpg used on input line 844.
(pdftex.def)             Requested size: 481.80176pt x 232.48175pt.

<Bilder/AEGBg.jpg, id=531, 1999.47pt x 4143.48pt>
File: Bilder/AEGBg.jpg Graphic file (type jpg)
 <use Bilder/AEGBg.jpg>
Package pdftex.def Info: Bilder/AEGBg.jpg used on input line 851.
(pdftex.def)             Requested size: 321.20117pt x 665.62578pt.

[32

 <//BRAIN42/ehemalige/Bachelor/Schindler_Vayu/FP_Anleitung_working/Bilder/MOTST
G.jpg> <//BRAIN42/ehemalige/Bachelor/Schindler_Vayu/FP_Anleitung_working/Bilder
/STGK.jpg>] [33 <//BRAIN42/ehemalige/Bachelor/Schindler_Vayu/FP_Anleitung_worki
ng/Bilder/AEGBg.jpg>]
Underfull \hbox (badness 10000) in paragraph at lines 863--864

 []


LaTeX Font Warning: Font shape `T1/lmr/b/it' in size <11> not available
(Font)              Font shape `T1/lmr/b/sl' tried instead on input line 895.


Underfull \hbox (badness 10000) in paragraph at lines 902--903

 []


Underfull \hbox (badness 10000) in paragraph at lines 904--905

 []

[34]
Package atveryend Info: Empty hook `BeforeClearDocument' on input line 912.
Package atveryend Info: Empty hook `AfterLastShipout' on input line 912.

("\\BRAIN42\ehemalige\Bachelor\Schindler_Vayu\FP_Anleitung_working\Anleitung TU
DD.aux")
Package atveryend Info: Executing hook `AtVeryEndDocument' on input line 912.
Package atveryend Info: Executing hook `AtEndAfterFileList' on input line 912.
Package rerunfilecheck Info: File `Anleitung*TUDD.out' has not changed.
(rerunfilecheck)             Checksum: <no file>.


LaTeX Font Warning: Some font shapes were not available, defaults substituted.


LaTeX Warning: There were multiply-defined labels.

Package atveryend Info: Empty hook `AtVeryVeryEnd' on input line 912.
 ) 
Here is how much of TeX's memory you used:
 24585 strings out of 493921
 448318 string characters out of 3147282
 531715 words of memory out of 3000000
 27143 multiletter control sequences out of 15000+200000
 69536 words of font info for 66 fonts, out of 3000000 for 9000
 841 hyphenation exceptions out of 8191
 67i,16n,108p,996b,476s stack positions out of 5000i,500n,10000p,200000b,50000s
{C:/Program Files/MiKTeX 2.9/fonts/enc/dvips/lm/lm-ec.enc}{C:/Program Files/M
iKTeX 2.9/fonts/enc/dvips/lm/lm-rm.enc}{C:/Program Files/MiKTeX 2.9/fonts/enc/d
vips/lm/lm-mathsy.enc}{C:/Program Files/MiKTeX 2.9/fonts/enc/dvips/lm/lm-mathit
.enc}{C:/Program Files/MiKTeX 2.9/fonts/enc/dvips/fontname/texnansi.enc}{C:/Pro
gram Files/MiKTeX 2.9/fonts/enc/dvips/lm/lm-ts1.enc}<C:/Program Files/MiKTeX 2.
9/fonts/type1/public/lm/lmb10.pfb><C:/Program Files/MiKTeX 2.9/fonts/type1/publ
ic/lm/lmbo10.pfb><C:/Program Files/MiKTeX 2.9/fonts/type1/public/lm/lmmi12.pfb>
<C:/Program Files/MiKTeX 2.9/fonts/type1/public/lm/lmmi7.pfb><C:/Program Files/
MiKTeX 2.9/fonts/type1/public/lm/lmmi8.pfb><C:/Program Files/MiKTeX 2.9/fonts/t
ype1/public/lm/lmr12.pfb><C:/Program Files/MiKTeX 2.9/fonts/type1/public/lm/lmr
7.pfb><C:/Program Files/MiKTeX 2.9/fonts/type1/public/lm/lmr8.pfb><C:/Program F
iles/MiKTeX 2.9/fonts/type1/public/lm/lmri12.pfb><C:/Program Files/MiKTeX 2.9/f
onts/type1/public/lm/lmss10.pfb><C:/Program Files/MiKTeX 2.9/fonts/type1/public
/lm/lmss12.pfb><C:/Program Files/MiKTeX 2.9/fonts/type1/public/lm/lmss17.pfb><C
:/Program Files/MiKTeX 2.9/fonts/type1/public/lm/lmsy10.pfb><C:/Program Files/M
iKTeX 2.9/fonts/type1/public/lm/lmsy7.pfb><C:/Program Files/MiKTeX 2.9/fonts/ty
pe1/public/lm/lmsy8.pfb><C:/Program Files/MiKTeX 2.9/fonts/type1/public/lm/lmtt
12.pfb><C:/Users/Malte/AppData/Roaming/MiKTeX/2.9/fonts/type1/mathdesign/mdbch/
md-chrma.pfb><C:/Program Files/MiKTeX 2.9/fonts/type1/adobe/utopia/putri8a.pfb>

Output written on "Anleitung TUDD.pdf" (35 pages, 17335520 bytes).
PDF statistics:
 655 PDF objects out of 1000 (max. 8388607)
 149 named destinations out of 1000 (max. 500000)
 540 words of extra memory for PDF output out of 10000 (max. 10000000)

